! Started logfile: difmap.log on Fri Mar 15 16:25:15 2024
![@GPCAL_Difmap_v1 bm413i.q.edt.OJ287.dtcal.uvf,1,1,2048,0.04,0,-1,bm413i.q.edt.OJ287.win,0,0,1,bm413i.q.edt.OJ287.IF1,q]
observe bm413i.q.edt.OJ287.dtcal.uvf
! Reading UV FITS file: bm413i.q.edt.OJ287.dtcal.uvf
! AN table 1: 224 integrations on 45 of 45 possible baselines.
! Apparent sampling: 0.75129 visibilities/baseline/integration-bin.
! Found source: OJ287
! 
! There are 4 IFs, and a total of 4 channels:
! 
!  IF  Channel    Frequency  Freq offset  Number of   Overall IF
!       origin    at origin  per channel   channels    bandwidth
!  ------------------------------------------------------------- (Hz)
!  01        1  4.30075e+10      6.4e+07          1      6.4e+07
!  02        2  4.30875e+10      6.4e+07          1      6.4e+07
!  03        3  4.31515e+10      6.4e+07          1      6.4e+07
!  04        4  4.32155e+10      6.4e+07          1      6.4e+07
! 
! Polarization(s): RR LL RL LR
! 
! Read 563 lines of history.
! 
! Reading 121168 visibilities.
mapcolor rainbow, 1, 0.5
! Mapplot colormap: rainbow, contrast: 1 brightness: 0.5.
select q, 1, 1
! Selecting polarization: Q,  channels: 1..1
! Reading IF 1 channels: 1..1
! Reading IF 2 channels: (none)
! Reading IF 3 channels: (none)
! Reading IF 4 channels: (none)
mapsize 2048, 0.04
! Map grid = 2048x2048 pixels with 0.0400x0.0400 milli-arcsec cellsize.
uvweight 0, -1
! Uniform weighting is not currently selected.
! Gridding weights will be scaled by errors raised to the power -1.
! Radial weighting is not currently selected.
rwin bm413i.q.edt.OJ287.win
! rwins: Read 19 windows from bm413i.q.edt.OJ287.win
shift 0,0
! Shifting UV data, models and windows by: 0 (mas) East
! Shifting UV data, models and windows by: 0 (mas) North
! Total accumulated eastward shift  = 0 (mas).
! Total accumulated northward shift = 0 (mas).
do i=1,100
  clean 100, 0.02, imstat(rms)*1
  end do
! Inverting map and beam 
! Estimated beam: bmin=0.205 mas, bmaj=0.4008 mas, bpa=-5.391 degrees
! Estimated noise=0.353528 mJy/beam.
! clean: niter=100  gain=0.02  cutoff=0.00183736
! Component: 050  -  total flux cleaned = 0.0238448 Jy
! Component: 100  -  total flux cleaned = 0.0323305 Jy
! Total flux subtracted in 100 components = 0.0323305 Jy
! Clean residual min=-0.010372 max=0.010174 Jy/beam
! Clean residual mean=0.000000 rms=0.001116 Jy/beam
! Combined flux in latest and established models = 0.0323305 Jy
! clean: niter=100  gain=0.02  cutoff=0.00111642
! Component: 050  -  total flux cleaned = 0.000737979 Jy
! Component: 100  -  total flux cleaned = 0.000152418 Jy
! Total flux subtracted in 100 components = 0.000152418 Jy
! Clean residual min=-0.006785 max=0.006809 Jy/beam
! Clean residual mean=0.000001 rms=0.000945 Jy/beam
! Combined flux in latest and established models = 0.0324829 Jy
! clean: niter=100  gain=0.02  cutoff=0.000945435
! Component: 050  -  total flux cleaned = -0.00152107 Jy
! Component: 100  -  total flux cleaned = -0.00284983 Jy
! Total flux subtracted in 100 components = -0.00284983 Jy
! Clean residual min=-0.005113 max=0.005103 Jy/beam
! Clean residual mean=0.000001 rms=0.000846 Jy/beam
! Combined flux in latest and established models = 0.0296331 Jy
! clean: niter=100  gain=0.02  cutoff=0.000845553
! Component: 050  -  total flux cleaned = -0.00115272 Jy
! Component: 100  -  total flux cleaned = -0.00233001 Jy
! Total flux subtracted in 100 components = -0.00233001 Jy
! Clean residual min=-0.003938 max=0.003936 Jy/beam
! Clean residual mean=0.000001 rms=0.000785 Jy/beam
! Combined flux in latest and established models = 0.027303 Jy
! clean: niter=100  gain=0.02  cutoff=0.000784658
! Component: 050  -  total flux cleaned = -0.00088707 Jy
! Component: 100  -  total flux cleaned = -0.00142255 Jy
! Total flux subtracted in 100 components = -0.00142255 Jy
! Clean residual min=-0.003486 max=0.003566 Jy/beam
! Clean residual mean=0.000001 rms=0.000747 Jy/beam
! Combined flux in latest and established models = 0.0258805 Jy
! clean: niter=100  gain=0.02  cutoff=0.000746744
! Component: 050  -  total flux cleaned = -0.000617767 Jy
! Component: 100  -  total flux cleaned = -0.00118432 Jy
! Total flux subtracted in 100 components = -0.00118432 Jy
! Clean residual min=-0.003406 max=0.003451 Jy/beam
! Clean residual mean=0.000001 rms=0.000719 Jy/beam
! Combined flux in latest and established models = 0.0246962 Jy
! clean: niter=100  gain=0.02  cutoff=0.000719071
! Component: 050  -  total flux cleaned = -0.000519959 Jy
! Component: 100  -  total flux cleaned = -0.000907253 Jy
! Total flux subtracted in 100 components = -0.000907253 Jy
! Clean residual min=-0.003322 max=0.003356 Jy/beam
! Clean residual mean=0.000001 rms=0.000699 Jy/beam
! Combined flux in latest and established models = 0.0237889 Jy
! clean: niter=100  gain=0.02  cutoff=0.000698845
! Component: 050  -  total flux cleaned = -0.000445279 Jy
! Component: 100  -  total flux cleaned = -0.000937963 Jy
! Total flux subtracted in 100 components = -0.000937963 Jy
! Clean residual min=-0.003241 max=0.003279 Jy/beam
! Clean residual mean=0.000001 rms=0.000684 Jy/beam
! Combined flux in latest and established models = 0.022851 Jy
! clean: niter=100  gain=0.02  cutoff=0.00068373
! Component: 050  -  total flux cleaned = -0.000532163 Jy
! Component: 100  -  total flux cleaned = -0.000889127 Jy
! Total flux subtracted in 100 components = -0.000889127 Jy
! Clean residual min=-0.003160 max=0.003236 Jy/beam
! Clean residual mean=0.000001 rms=0.000672 Jy/beam
! Combined flux in latest and established models = 0.0219618 Jy
! clean: niter=100  gain=0.02  cutoff=0.000672045
! Component: 050  -  total flux cleaned = -0.00040068 Jy
! Component: 100  -  total flux cleaned = -0.000652994 Jy
! Total flux subtracted in 100 components = -0.000652994 Jy
! Clean residual min=-0.003113 max=0.003208 Jy/beam
! Clean residual mean=0.000001 rms=0.000663 Jy/beam
! Combined flux in latest and established models = 0.0213088 Jy
! clean: niter=100  gain=0.02  cutoff=0.000662613
! Component: 050  -  total flux cleaned = -0.000119533 Jy
! Component: 100  -  total flux cleaned = -0.000292642 Jy
! Total flux subtracted in 100 components = -0.000292642 Jy
! Clean residual min=-0.003085 max=0.003185 Jy/beam
! Clean residual mean=0.000001 rms=0.000655 Jy/beam
! Combined flux in latest and established models = 0.0210162 Jy
! clean: niter=100  gain=0.02  cutoff=0.000654834
! Component: 050  -  total flux cleaned = -0.000166008 Jy
! Component: 100  -  total flux cleaned = -0.000429772 Jy
! Total flux subtracted in 100 components = -0.000429772 Jy
! Clean residual min=-0.003059 max=0.003166 Jy/beam
! Clean residual mean=0.000001 rms=0.000648 Jy/beam
! Combined flux in latest and established models = 0.0205864 Jy
! clean: niter=100  gain=0.02  cutoff=0.000648248
! Component: 050  -  total flux cleaned = -0.000150551 Jy
! Component: 100  -  total flux cleaned = -0.000197692 Jy
! Total flux subtracted in 100 components = -0.000197692 Jy
! Clean residual min=-0.003026 max=0.003141 Jy/beam
! Clean residual mean=0.000001 rms=0.000643 Jy/beam
! Combined flux in latest and established models = 0.0203887 Jy
! clean: niter=100  gain=0.02  cutoff=0.00064261
! Component: 050  -  total flux cleaned = -0.000140258 Jy
! Component: 100  -  total flux cleaned = -0.000229827 Jy
! Total flux subtracted in 100 components = -0.000229827 Jy
! Clean residual min=-0.003000 max=0.003117 Jy/beam
! Clean residual mean=0.000001 rms=0.000638 Jy/beam
! Combined flux in latest and established models = 0.0201589 Jy
! clean: niter=100  gain=0.02  cutoff=0.000637814
! Component: 050  -  total flux cleaned = -0.000129528 Jy
! Component: 100  -  total flux cleaned = -0.000255141 Jy
! Total flux subtracted in 100 components = -0.000255141 Jy
! Clean residual min=-0.002966 max=0.003092 Jy/beam
! Clean residual mean=0.000001 rms=0.000634 Jy/beam
! Combined flux in latest and established models = 0.0199038 Jy
! clean: niter=100  gain=0.02  cutoff=0.00063353
! Component: 050  -  total flux cleaned = -0.000121608 Jy
! Component: 100  -  total flux cleaned = -0.000277915 Jy
! Total flux subtracted in 100 components = -0.000277915 Jy
! Clean residual min=-0.002938 max=0.003069 Jy/beam
! Clean residual mean=0.000001 rms=0.000630 Jy/beam
! Combined flux in latest and established models = 0.0196258 Jy
! clean: niter=100  gain=0.02  cutoff=0.000629861
! Component: 050  -  total flux cleaned = -7.47913e-05 Jy
! Component: 100  -  total flux cleaned = -0.00018518 Jy
! Total flux subtracted in 100 components = -0.00018518 Jy
! Clean residual min=-0.002914 max=0.003047 Jy/beam
! Clean residual mean=0.000001 rms=0.000627 Jy/beam
! Combined flux in latest and established models = 0.0194407 Jy
! clean: niter=100  gain=0.02  cutoff=0.000626688
! Component: 050  -  total flux cleaned = -0.000106525 Jy
! Component: 100  -  total flux cleaned = -0.000243723 Jy
! Total flux subtracted in 100 components = -0.000243723 Jy
! Clean residual min=-0.002890 max=0.003024 Jy/beam
! Clean residual mean=0.000001 rms=0.000624 Jy/beam
! Combined flux in latest and established models = 0.0191969 Jy
! clean: niter=100  gain=0.02  cutoff=0.000623875
! Component: 050  -  total flux cleaned = -6.56085e-05 Jy
! Component: 100  -  total flux cleaned = -0.000161168 Jy
! Total flux subtracted in 100 components = -0.000161168 Jy
! Clean residual min=-0.002888 max=0.003002 Jy/beam
! Clean residual mean=0.000001 rms=0.000621 Jy/beam
! Combined flux in latest and established models = 0.0190358 Jy
! clean: niter=100  gain=0.02  cutoff=0.000621307
! Component: 050  -  total flux cleaned = 8.62892e-08 Jy
! Component: 100  -  total flux cleaned = -9.11458e-05 Jy
! Total flux subtracted in 100 components = -9.11458e-05 Jy
! Clean residual min=-0.002889 max=0.002985 Jy/beam
! Clean residual mean=0.000001 rms=0.000619 Jy/beam
! Combined flux in latest and established models = 0.0189446 Jy
! clean: niter=100  gain=0.02  cutoff=0.000619014
! Component: 050  -  total flux cleaned = 7.11752e-08 Jy
! Component: 100  -  total flux cleaned = -2.90485e-05 Jy
! Total flux subtracted in 100 components = -2.90485e-05 Jy
! Clean residual min=-0.002889 max=0.002962 Jy/beam
! Clean residual mean=0.000001 rms=0.000617 Jy/beam
! Combined flux in latest and established models = 0.0189156 Jy
! clean: niter=100  gain=0.02  cutoff=0.000617
! Component: 050  -  total flux cleaned = -7.71217e-07 Jy
! Component: 100  -  total flux cleaned = -2.80468e-05 Jy
! Total flux subtracted in 100 components = -2.80468e-05 Jy
! Clean residual min=-0.002885 max=0.002949 Jy/beam
! Clean residual mean=0.000001 rms=0.000615 Jy/beam
! Combined flux in latest and established models = 0.0188875 Jy
! clean: niter=100  gain=0.02  cutoff=0.000615151
! Component: 050  -  total flux cleaned = 2.71427e-05 Jy
! Component: 100  -  total flux cleaned = -2.54097e-05 Jy
! Total flux subtracted in 100 components = -2.54097e-05 Jy
! Clean residual min=-0.002881 max=0.002938 Jy/beam
! Clean residual mean=0.000001 rms=0.000614 Jy/beam
! Combined flux in latest and established models = 0.0188621 Jy
! clean: niter=100  gain=0.02  cutoff=0.000613501
! Component: 050  -  total flux cleaned = 2.60363e-05 Jy
! Component: 100  -  total flux cleaned = 3.02619e-07 Jy
! Total flux subtracted in 100 components = 3.02619e-07 Jy
! Clean residual min=-0.002876 max=0.002925 Jy/beam
! Clean residual mean=0.000001 rms=0.000612 Jy/beam
! Combined flux in latest and established models = 0.0188624 Jy
! clean: niter=100  gain=0.02  cutoff=0.000611933
! Component: 050  -  total flux cleaned = -3.99257e-07 Jy
! Clean target residual flux of 0.000611933 Jy/beam attained
! Total flux subtracted in 68 components = -3.40719e-07 Jy
! Clean residual min=-0.002873 max=0.002919 Jy/beam
! Clean residual mean=0.000001 rms=0.000611 Jy/beam
! Combined flux in latest and established models = 0.0188621 Jy
! clean: niter=100  gain=0.02  cutoff=0.00061094
! Clean target residual flux of 0.00061094 Jy/beam attained
! Total flux subtracted in 10 components = 8.04885e-08 Jy
! Clean residual min=-0.002873 max=0.002919 Jy/beam
! Clean residual mean=0.000001 rms=0.000611 Jy/beam
! Combined flux in latest and established models = 0.0188622 Jy
! clean: niter=100  gain=0.02  cutoff=0.000610821
! Clean target residual flux of 0.000610821 Jy/beam attained
! Total flux subtracted in 0 components = 0 Jy
! Clean residual min=-0.002873 max=0.002919 Jy/beam
! Clean residual mean=0.000001 rms=0.000611 Jy/beam
! Combined flux in latest and established models = 0.0188622 Jy
! clean: niter=100  gain=0.02  cutoff=0.000610821
! Clean target residual flux of 0.000610821 Jy/beam attained
! Total flux subtracted in 0 components = 0 Jy
! Clean residual min=-0.002873 max=0.002919 Jy/beam
! Clean residual mean=0.000001 rms=0.000611 Jy/beam
! Combined flux in latest and established models = 0.0188622 Jy
! clean: niter=100  gain=0.02  cutoff=0.000610821
! Clean target residual flux of 0.000610821 Jy/beam attained
! Total flux subtracted in 0 components = 0 Jy
! Clean residual min=-0.002873 max=0.002919 Jy/beam
! Clean residual mean=0.000001 rms=0.000611 Jy/beam
! Combined flux in latest and established models = 0.0188622 Jy
! clean: niter=100  gain=0.02  cutoff=0.000610821
! Clean target residual flux of 0.000610821 Jy/beam attained
! Total flux subtracted in 0 components = 0 Jy
! Clean residual min=-0.002873 max=0.002919 Jy/beam
! Clean residual mean=0.000001 rms=0.000611 Jy/beam
! Combined flux in latest and established models = 0.0188622 Jy
! clean: niter=100  gain=0.02  cutoff=0.000610821
! Clean target residual flux of 0.000610821 Jy/beam attained
! Total flux subtracted in 0 components = 0 Jy
! Clean residual min=-0.002873 max=0.002919 Jy/beam
! Clean residual mean=0.000001 rms=0.000611 Jy/beam
! Combined flux in latest and established models = 0.0188622 Jy
! clean: niter=100  gain=0.02  cutoff=0.000610821
! Clean target residual flux of 0.000610821 Jy/beam attained
! Total flux subtracted in 0 components = 0 Jy
! Clean residual min=-0.002873 max=0.002919 Jy/beam
! Clean residual mean=0.000001 rms=0.000611 Jy/beam
! Combined flux in latest and established models = 0.0188622 Jy
! clean: niter=100  gain=0.02  cutoff=0.000610821
! Clean target residual flux of 0.000610821 Jy/beam attained
! Total flux subtracted in 0 components = 0 Jy
! Clean residual min=-0.002873 max=0.002919 Jy/beam
! Clean residual mean=0.000001 rms=0.000611 Jy/beam
! Combined flux in latest and established models = 0.0188622 Jy
! clean: niter=100  gain=0.02  cutoff=0.000610821
! Clean target residual flux of 0.000610821 Jy/beam attained
! Total flux subtracted in 0 components = 0 Jy
! Clean residual min=-0.002873 max=0.002919 Jy/beam
! Clean residual mean=0.000001 rms=0.000611 Jy/beam
! Combined flux in latest and established models = 0.0188622 Jy
! clean: niter=100  gain=0.02  cutoff=0.000610821
! Clean target residual flux of 0.000610821 Jy/beam attained
! Total flux subtracted in 0 components = 0 Jy
! Clean residual min=-0.002873 max=0.002919 Jy/beam
! Clean residual mean=0.000001 rms=0.000611 Jy/beam
! Combined flux in latest and established models = 0.0188622 Jy
! clean: niter=100  gain=0.02  cutoff=0.000610821
! Clean target residual flux of 0.000610821 Jy/beam attained
! Total flux subtracted in 0 components = 0 Jy
! Clean residual min=-0.002873 max=0.002919 Jy/beam
! Clean residual mean=0.000001 rms=0.000611 Jy/beam
! Combined flux in latest and established models = 0.0188622 Jy
! clean: niter=100  gain=0.02  cutoff=0.000610821
! Clean target residual flux of 0.000610821 Jy/beam attained
! Total flux subtracted in 0 components = 0 Jy
! Clean residual min=-0.002873 max=0.002919 Jy/beam
! Clean residual mean=0.000001 rms=0.000611 Jy/beam
! Combined flux in latest and established models = 0.0188622 Jy
! clean: niter=100  gain=0.02  cutoff=0.000610821
! Clean target residual flux of 0.000610821 Jy/beam attained
! Total flux subtracted in 0 components = 0 Jy
! Clean residual min=-0.002873 max=0.002919 Jy/beam
! Clean residual mean=0.000001 rms=0.000611 Jy/beam
! Combined flux in latest and established models = 0.0188622 Jy
! clean: niter=100  gain=0.02  cutoff=0.000610821
! Clean target residual flux of 0.000610821 Jy/beam attained
! Total flux subtracted in 0 components = 0 Jy
! Clean residual min=-0.002873 max=0.002919 Jy/beam
! Clean residual mean=0.000001 rms=0.000611 Jy/beam
! Combined flux in latest and established models = 0.0188622 Jy
! clean: niter=100  gain=0.02  cutoff=0.000610821
! Clean target residual flux of 0.000610821 Jy/beam attained
! Total flux subtracted in 0 components = 0 Jy
! Clean residual min=-0.002873 max=0.002919 Jy/beam
! Clean residual mean=0.000001 rms=0.000611 Jy/beam
! Combined flux in latest and established models = 0.0188622 Jy
! clean: niter=100  gain=0.02  cutoff=0.000610821
! Clean target residual flux of 0.000610821 Jy/beam attained
! Total flux subtracted in 0 components = 0 Jy
! Clean residual min=-0.002873 max=0.002919 Jy/beam
! Clean residual mean=0.000001 rms=0.000611 Jy/beam
! Combined flux in latest and established models = 0.0188622 Jy
! clean: niter=100  gain=0.02  cutoff=0.000610821
! Clean target residual flux of 0.000610821 Jy/beam attained
! Total flux subtracted in 0 components = 0 Jy
! Clean residual min=-0.002873 max=0.002919 Jy/beam
! Clean residual mean=0.000001 rms=0.000611 Jy/beam
! Combined flux in latest and established models = 0.0188622 Jy
! clean: niter=100  gain=0.02  cutoff=0.000610821
! Clean target residual flux of 0.000610821 Jy/beam attained
! Total flux subtracted in 0 components = 0 Jy
! Clean residual min=-0.002873 max=0.002919 Jy/beam
! Clean residual mean=0.000001 rms=0.000611 Jy/beam
! Combined flux in latest and established models = 0.0188622 Jy
! clean: niter=100  gain=0.02  cutoff=0.000610821
! Clean target residual flux of 0.000610821 Jy/beam attained
! Total flux subtracted in 0 components = 0 Jy
! Clean residual min=-0.002873 max=0.002919 Jy/beam
! Clean residual mean=0.000001 rms=0.000611 Jy/beam
! Combined flux in latest and established models = 0.0188622 Jy
! clean: niter=100  gain=0.02  cutoff=0.000610821
! Clean target residual flux of 0.000610821 Jy/beam attained
! Total flux subtracted in 0 components = 0 Jy
! Clean residual min=-0.002873 max=0.002919 Jy/beam
! Clean residual mean=0.000001 rms=0.000611 Jy/beam
! Combined flux in latest and established models = 0.0188622 Jy
! clean: niter=100  gain=0.02  cutoff=0.000610821
! Clean target residual flux of 0.000610821 Jy/beam attained
! Total flux subtracted in 0 components = 0 Jy
! Clean residual min=-0.002873 max=0.002919 Jy/beam
! Clean residual mean=0.000001 rms=0.000611 Jy/beam
! Combined flux in latest and established models = 0.0188622 Jy
! clean: niter=100  gain=0.02  cutoff=0.000610821
! Clean target residual flux of 0.000610821 Jy/beam attained
! Total flux subtracted in 0 components = 0 Jy
! Clean residual min=-0.002873 max=0.002919 Jy/beam
! Clean residual mean=0.000001 rms=0.000611 Jy/beam
! Combined flux in latest and established models = 0.0188622 Jy
! clean: niter=100  gain=0.02  cutoff=0.000610821
! Clean target residual flux of 0.000610821 Jy/beam attained
! Total flux subtracted in 0 components = 0 Jy
! Clean residual min=-0.002873 max=0.002919 Jy/beam
! Clean residual mean=0.000001 rms=0.000611 Jy/beam
! Combined flux in latest and established models = 0.0188622 Jy
! clean: niter=100  gain=0.02  cutoff=0.000610821
! Clean target residual flux of 0.000610821 Jy/beam attained
! Total flux subtracted in 0 components = 0 Jy
! Clean residual min=-0.002873 max=0.002919 Jy/beam
! Clean residual mean=0.000001 rms=0.000611 Jy/beam
! Combined flux in latest and established models = 0.0188622 Jy
! clean: niter=100  gain=0.02  cutoff=0.000610821
! Clean target residual flux of 0.000610821 Jy/beam attained
! Total flux subtracted in 0 components = 0 Jy
! Clean residual min=-0.002873 max=0.002919 Jy/beam
! Clean residual mean=0.000001 rms=0.000611 Jy/beam
! Combined flux in latest and established models = 0.0188622 Jy
! clean: niter=100  gain=0.02  cutoff=0.000610821
! Clean target residual flux of 0.000610821 Jy/beam attained
! Total flux subtracted in 0 components = 0 Jy
! Clean residual min=-0.002873 max=0.002919 Jy/beam
! Clean residual mean=0.000001 rms=0.000611 Jy/beam
! Combined flux in latest and established models = 0.0188622 Jy
! clean: niter=100  gain=0.02  cutoff=0.000610821
! Clean target residual flux of 0.000610821 Jy/beam attained
! Total flux subtracted in 0 components = 0 Jy
! Clean residual min=-0.002873 max=0.002919 Jy/beam
! Clean residual mean=0.000001 rms=0.000611 Jy/beam
! Combined flux in latest and established models = 0.0188622 Jy
! clean: niter=100  gain=0.02  cutoff=0.000610821
! Clean target residual flux of 0.000610821 Jy/beam attained
! Total flux subtracted in 0 components = 0 Jy
! Clean residual min=-0.002873 max=0.002919 Jy/beam
! Clean residual mean=0.000001 rms=0.000611 Jy/beam
! Combined flux in latest and established models = 0.0188622 Jy
! clean: niter=100  gain=0.02  cutoff=0.000610821
! Clean target residual flux of 0.000610821 Jy/beam attained
! Total flux subtracted in 0 components = 0 Jy
! Clean residual min=-0.002873 max=0.002919 Jy/beam
! Clean residual mean=0.000001 rms=0.000611 Jy/beam
! Combined flux in latest and established models = 0.0188622 Jy
! clean: niter=100  gain=0.02  cutoff=0.000610821
! Clean target residual flux of 0.000610821 Jy/beam attained
! Total flux subtracted in 0 components = 0 Jy
! Clean residual min=-0.002873 max=0.002919 Jy/beam
! Clean residual mean=0.000001 rms=0.000611 Jy/beam
! Combined flux in latest and established models = 0.0188622 Jy
! clean: niter=100  gain=0.02  cutoff=0.000610821
! Clean target residual flux of 0.000610821 Jy/beam attained
! Total flux subtracted in 0 components = 0 Jy
! Clean residual min=-0.002873 max=0.002919 Jy/beam
! Clean residual mean=0.000001 rms=0.000611 Jy/beam
! Combined flux in latest and established models = 0.0188622 Jy
! clean: niter=100  gain=0.02  cutoff=0.000610821
! Clean target residual flux of 0.000610821 Jy/beam attained
! Total flux subtracted in 0 components = 0 Jy
! Clean residual min=-0.002873 max=0.002919 Jy/beam
! Clean residual mean=0.000001 rms=0.000611 Jy/beam
! Combined flux in latest and established models = 0.0188622 Jy
! clean: niter=100  gain=0.02  cutoff=0.000610821
! Clean target residual flux of 0.000610821 Jy/beam attained
! Total flux subtracted in 0 components = 0 Jy
! Clean residual min=-0.002873 max=0.002919 Jy/beam
! Clean residual mean=0.000001 rms=0.000611 Jy/beam
! Combined flux in latest and established models = 0.0188622 Jy
! clean: niter=100  gain=0.02  cutoff=0.000610821
! Clean target residual flux of 0.000610821 Jy/beam attained
! Total flux subtracted in 0 components = 0 Jy
! Clean residual min=-0.002873 max=0.002919 Jy/beam
! Clean residual mean=0.000001 rms=0.000611 Jy/beam
! Combined flux in latest and established models = 0.0188622 Jy
! clean: niter=100  gain=0.02  cutoff=0.000610821
! Clean target residual flux of 0.000610821 Jy/beam attained
! Total flux subtracted in 0 components = 0 Jy
! Clean residual min=-0.002873 max=0.002919 Jy/beam
! Clean residual mean=0.000001 rms=0.000611 Jy/beam
! Combined flux in latest and established models = 0.0188622 Jy
! clean: niter=100  gain=0.02  cutoff=0.000610821
! Clean target residual flux of 0.000610821 Jy/beam attained
! Total flux subtracted in 0 components = 0 Jy
! Clean residual min=-0.002873 max=0.002919 Jy/beam
! Clean residual mean=0.000001 rms=0.000611 Jy/beam
! Combined flux in latest and established models = 0.0188622 Jy
! clean: niter=100  gain=0.02  cutoff=0.000610821
! Clean target residual flux of 0.000610821 Jy/beam attained
! Total flux subtracted in 0 components = 0 Jy
! Clean residual min=-0.002873 max=0.002919 Jy/beam
! Clean residual mean=0.000001 rms=0.000611 Jy/beam
! Combined flux in latest and established models = 0.0188622 Jy
! clean: niter=100  gain=0.02  cutoff=0.000610821
! Clean target residual flux of 0.000610821 Jy/beam attained
! Total flux subtracted in 0 components = 0 Jy
! Clean residual min=-0.002873 max=0.002919 Jy/beam
! Clean residual mean=0.000001 rms=0.000611 Jy/beam
! Combined flux in latest and established models = 0.0188622 Jy
! clean: niter=100  gain=0.02  cutoff=0.000610821
! Clean target residual flux of 0.000610821 Jy/beam attained
! Total flux subtracted in 0 components = 0 Jy
! Clean residual min=-0.002873 max=0.002919 Jy/beam
! Clean residual mean=0.000001 rms=0.000611 Jy/beam
! Combined flux in latest and established models = 0.0188622 Jy
! clean: niter=100  gain=0.02  cutoff=0.000610821
! Clean target residual flux of 0.000610821 Jy/beam attained
! Total flux subtracted in 0 components = 0 Jy
! Clean residual min=-0.002873 max=0.002919 Jy/beam
! Clean residual mean=0.000001 rms=0.000611 Jy/beam
! Combined flux in latest and established models = 0.0188622 Jy
! clean: niter=100  gain=0.02  cutoff=0.000610821
! Clean target residual flux of 0.000610821 Jy/beam attained
! Total flux subtracted in 0 components = 0 Jy
! Clean residual min=-0.002873 max=0.002919 Jy/beam
! Clean residual mean=0.000001 rms=0.000611 Jy/beam
! Combined flux in latest and established models = 0.0188622 Jy
! clean: niter=100  gain=0.02  cutoff=0.000610821
! Clean target residual flux of 0.000610821 Jy/beam attained
! Total flux subtracted in 0 components = 0 Jy
! Clean residual min=-0.002873 max=0.002919 Jy/beam
! Clean residual mean=0.000001 rms=0.000611 Jy/beam
! Combined flux in latest and established models = 0.0188622 Jy
! clean: niter=100  gain=0.02  cutoff=0.000610821
! Clean target residual flux of 0.000610821 Jy/beam attained
! Total flux subtracted in 0 components = 0 Jy
! Clean residual min=-0.002873 max=0.002919 Jy/beam
! Clean residual mean=0.000001 rms=0.000611 Jy/beam
! Combined flux in latest and established models = 0.0188622 Jy
! clean: niter=100  gain=0.02  cutoff=0.000610821
! Clean target residual flux of 0.000610821 Jy/beam attained
! Total flux subtracted in 0 components = 0 Jy
! Clean residual min=-0.002873 max=0.002919 Jy/beam
! Clean residual mean=0.000001 rms=0.000611 Jy/beam
! Combined flux in latest and established models = 0.0188622 Jy
! clean: niter=100  gain=0.02  cutoff=0.000610821
! Clean target residual flux of 0.000610821 Jy/beam attained
! Total flux subtracted in 0 components = 0 Jy
! Clean residual min=-0.002873 max=0.002919 Jy/beam
! Clean residual mean=0.000001 rms=0.000611 Jy/beam
! Combined flux in latest and established models = 0.0188622 Jy
! clean: niter=100  gain=0.02  cutoff=0.000610821
! Clean target residual flux of 0.000610821 Jy/beam attained
! Total flux subtracted in 0 components = 0 Jy
! Clean residual min=-0.002873 max=0.002919 Jy/beam
! Clean residual mean=0.000001 rms=0.000611 Jy/beam
! Combined flux in latest and established models = 0.0188622 Jy
! clean: niter=100  gain=0.02  cutoff=0.000610821
! Clean target residual flux of 0.000610821 Jy/beam attained
! Total flux subtracted in 0 components = 0 Jy
! Clean residual min=-0.002873 max=0.002919 Jy/beam
! Clean residual mean=0.000001 rms=0.000611 Jy/beam
! Combined flux in latest and established models = 0.0188622 Jy
! clean: niter=100  gain=0.02  cutoff=0.000610821
! Clean target residual flux of 0.000610821 Jy/beam attained
! Total flux subtracted in 0 components = 0 Jy
! Clean residual min=-0.002873 max=0.002919 Jy/beam
! Clean residual mean=0.000001 rms=0.000611 Jy/beam
! Combined flux in latest and established models = 0.0188622 Jy
! clean: niter=100  gain=0.02  cutoff=0.000610821
! Clean target residual flux of 0.000610821 Jy/beam attained
! Total flux subtracted in 0 components = 0 Jy
! Clean residual min=-0.002873 max=0.002919 Jy/beam
! Clean residual mean=0.000001 rms=0.000611 Jy/beam
! Combined flux in latest and established models = 0.0188622 Jy
! clean: niter=100  gain=0.02  cutoff=0.000610821
! Clean target residual flux of 0.000610821 Jy/beam attained
! Total flux subtracted in 0 components = 0 Jy
! Clean residual min=-0.002873 max=0.002919 Jy/beam
! Clean residual mean=0.000001 rms=0.000611 Jy/beam
! Combined flux in latest and established models = 0.0188622 Jy
! clean: niter=100  gain=0.02  cutoff=0.000610821
! Clean target residual flux of 0.000610821 Jy/beam attained
! Total flux subtracted in 0 components = 0 Jy
! Clean residual min=-0.002873 max=0.002919 Jy/beam
! Clean residual mean=0.000001 rms=0.000611 Jy/beam
! Combined flux in latest and established models = 0.0188622 Jy
! clean: niter=100  gain=0.02  cutoff=0.000610821
! Clean target residual flux of 0.000610821 Jy/beam attained
! Total flux subtracted in 0 components = 0 Jy
! Clean residual min=-0.002873 max=0.002919 Jy/beam
! Clean residual mean=0.000001 rms=0.000611 Jy/beam
! Combined flux in latest and established models = 0.0188622 Jy
! clean: niter=100  gain=0.02  cutoff=0.000610821
! Clean target residual flux of 0.000610821 Jy/beam attained
! Total flux subtracted in 0 components = 0 Jy
! Clean residual min=-0.002873 max=0.002919 Jy/beam
! Clean residual mean=0.000001 rms=0.000611 Jy/beam
! Combined flux in latest and established models = 0.0188622 Jy
! clean: niter=100  gain=0.02  cutoff=0.000610821
! Clean target residual flux of 0.000610821 Jy/beam attained
! Total flux subtracted in 0 components = 0 Jy
! Clean residual min=-0.002873 max=0.002919 Jy/beam
! Clean residual mean=0.000001 rms=0.000611 Jy/beam
! Combined flux in latest and established models = 0.0188622 Jy
! clean: niter=100  gain=0.02  cutoff=0.000610821
! Clean target residual flux of 0.000610821 Jy/beam attained
! Total flux subtracted in 0 components = 0 Jy
! Clean residual min=-0.002873 max=0.002919 Jy/beam
! Clean residual mean=0.000001 rms=0.000611 Jy/beam
! Combined flux in latest and established models = 0.0188622 Jy
! clean: niter=100  gain=0.02  cutoff=0.000610821
! Clean target residual flux of 0.000610821 Jy/beam attained
! Total flux subtracted in 0 components = 0 Jy
! Clean residual min=-0.002873 max=0.002919 Jy/beam
! Clean residual mean=0.000001 rms=0.000611 Jy/beam
! Combined flux in latest and established models = 0.0188622 Jy
! clean: niter=100  gain=0.02  cutoff=0.000610821
! Clean target residual flux of 0.000610821 Jy/beam attained
! Total flux subtracted in 0 components = 0 Jy
! Clean residual min=-0.002873 max=0.002919 Jy/beam
! Clean residual mean=0.000001 rms=0.000611 Jy/beam
! Combined flux in latest and established models = 0.0188622 Jy
! clean: niter=100  gain=0.02  cutoff=0.000610821
! Clean target residual flux of 0.000610821 Jy/beam attained
! Total flux subtracted in 0 components = 0 Jy
! Clean residual min=-0.002873 max=0.002919 Jy/beam
! Clean residual mean=0.000001 rms=0.000611 Jy/beam
! Combined flux in latest and established models = 0.0188622 Jy
! clean: niter=100  gain=0.02  cutoff=0.000610821
! Clean target residual flux of 0.000610821 Jy/beam attained
! Total flux subtracted in 0 components = 0 Jy
! Clean residual min=-0.002873 max=0.002919 Jy/beam
! Clean residual mean=0.000001 rms=0.000611 Jy/beam
! Combined flux in latest and established models = 0.0188622 Jy
! clean: niter=100  gain=0.02  cutoff=0.000610821
! Clean target residual flux of 0.000610821 Jy/beam attained
! Total flux subtracted in 0 components = 0 Jy
! Clean residual min=-0.002873 max=0.002919 Jy/beam
! Clean residual mean=0.000001 rms=0.000611 Jy/beam
! Combined flux in latest and established models = 0.0188622 Jy
! clean: niter=100  gain=0.02  cutoff=0.000610821
! Clean target residual flux of 0.000610821 Jy/beam attained
! Total flux subtracted in 0 components = 0 Jy
! Clean residual min=-0.002873 max=0.002919 Jy/beam
! Clean residual mean=0.000001 rms=0.000611 Jy/beam
! Combined flux in latest and established models = 0.0188622 Jy
! clean: niter=100  gain=0.02  cutoff=0.000610821
! Clean target residual flux of 0.000610821 Jy/beam attained
! Total flux subtracted in 0 components = 0 Jy
! Clean residual min=-0.002873 max=0.002919 Jy/beam
! Clean residual mean=0.000001 rms=0.000611 Jy/beam
! Combined flux in latest and established models = 0.0188622 Jy
! clean: niter=100  gain=0.02  cutoff=0.000610821
! Clean target residual flux of 0.000610821 Jy/beam attained
! Total flux subtracted in 0 components = 0 Jy
! Clean residual min=-0.002873 max=0.002919 Jy/beam
! Clean residual mean=0.000001 rms=0.000611 Jy/beam
! Combined flux in latest and established models = 0.0188622 Jy
! clean: niter=100  gain=0.02  cutoff=0.000610821
! Clean target residual flux of 0.000610821 Jy/beam attained
! Total flux subtracted in 0 components = 0 Jy
! Clean residual min=-0.002873 max=0.002919 Jy/beam
! Clean residual mean=0.000001 rms=0.000611 Jy/beam
! Combined flux in latest and established models = 0.0188622 Jy
! clean: niter=100  gain=0.02  cutoff=0.000610821
! Clean target residual flux of 0.000610821 Jy/beam attained
! Total flux subtracted in 0 components = 0 Jy
! Clean residual min=-0.002873 max=0.002919 Jy/beam
! Clean residual mean=0.000001 rms=0.000611 Jy/beam
! Combined flux in latest and established models = 0.0188622 Jy
! clean: niter=100  gain=0.02  cutoff=0.000610821
! Clean target residual flux of 0.000610821 Jy/beam attained
! Total flux subtracted in 0 components = 0 Jy
! Clean residual min=-0.002873 max=0.002919 Jy/beam
! Clean residual mean=0.000001 rms=0.000611 Jy/beam
! Combined flux in latest and established models = 0.0188622 Jy
! clean: niter=100  gain=0.02  cutoff=0.000610821
! Clean target residual flux of 0.000610821 Jy/beam attained
! Total flux subtracted in 0 components = 0 Jy
! Clean residual min=-0.002873 max=0.002919 Jy/beam
! Clean residual mean=0.000001 rms=0.000611 Jy/beam
! Combined flux in latest and established models = 0.0188622 Jy
! clean: niter=100  gain=0.02  cutoff=0.000610821
! Clean target residual flux of 0.000610821 Jy/beam attained
! Total flux subtracted in 0 components = 0 Jy
! Clean residual min=-0.002873 max=0.002919 Jy/beam
! Clean residual mean=0.000001 rms=0.000611 Jy/beam
! Combined flux in latest and established models = 0.0188622 Jy
! clean: niter=100  gain=0.02  cutoff=0.000610821
! Clean target residual flux of 0.000610821 Jy/beam attained
! Total flux subtracted in 0 components = 0 Jy
! Clean residual min=-0.002873 max=0.002919 Jy/beam
! Clean residual mean=0.000001 rms=0.000611 Jy/beam
! Combined flux in latest and established models = 0.0188622 Jy
! clean: niter=100  gain=0.02  cutoff=0.000610821
! Clean target residual flux of 0.000610821 Jy/beam attained
! Total flux subtracted in 0 components = 0 Jy
! Clean residual min=-0.002873 max=0.002919 Jy/beam
! Clean residual mean=0.000001 rms=0.000611 Jy/beam
! Combined flux in latest and established models = 0.0188622 Jy
! clean: niter=100  gain=0.02  cutoff=0.000610821
! Clean target residual flux of 0.000610821 Jy/beam attained
! Total flux subtracted in 0 components = 0 Jy
! Clean residual min=-0.002873 max=0.002919 Jy/beam
! Clean residual mean=0.000001 rms=0.000611 Jy/beam
! Combined flux in latest and established models = 0.0188622 Jy
! clean: niter=100  gain=0.02  cutoff=0.000610821
! Clean target residual flux of 0.000610821 Jy/beam attained
! Total flux subtracted in 0 components = 0 Jy
! Clean residual min=-0.002873 max=0.002919 Jy/beam
! Clean residual mean=0.000001 rms=0.000611 Jy/beam
! Combined flux in latest and established models = 0.0188622 Jy
! clean: niter=100  gain=0.02  cutoff=0.000610821
! Clean target residual flux of 0.000610821 Jy/beam attained
! Total flux subtracted in 0 components = 0 Jy
! Clean residual min=-0.002873 max=0.002919 Jy/beam
! Clean residual mean=0.000001 rms=0.000611 Jy/beam
! Combined flux in latest and established models = 0.0188622 Jy
! clean: niter=100  gain=0.02  cutoff=0.000610821
! Clean target residual flux of 0.000610821 Jy/beam attained
! Total flux subtracted in 0 components = 0 Jy
! Clean residual min=-0.002873 max=0.002919 Jy/beam
! Clean residual mean=0.000001 rms=0.000611 Jy/beam
! Combined flux in latest and established models = 0.0188622 Jy
! clean: niter=100  gain=0.02  cutoff=0.000610821
! Clean target residual flux of 0.000610821 Jy/beam attained
! Total flux subtracted in 0 components = 0 Jy
! Clean residual min=-0.002873 max=0.002919 Jy/beam
! Clean residual mean=0.000001 rms=0.000611 Jy/beam
! Combined flux in latest and established models = 0.0188622 Jy
select i
! Selecting polarization: I,  channels: 1..1
! Reading IF 1 channels: 1..1
! Reading IF 2 channels: (none)
! Reading IF 3 channels: (none)
! Reading IF 4 channels: (none)
save bm413i.q.edt.OJ287.IF1.q
! Writing UV FITS file: bm413i.q.edt.OJ287.IF1.q.uvf
! Writing 93 model components to file: bm413i.q.edt.OJ287.IF1.q.mod
! wwins: Wrote 19 windows to bm413i.q.edt.OJ287.IF1.q.win
! Adding 93 model components to the UV plane model.
! The established model now contains 93 components and 0.0188622 Jy
! Inverting map and beam 
! Estimated beam: bmin=0.2049 mas, bmaj=0.4007 mas, bpa=-5.409 degrees
! Estimated noise=0.353822 mJy/beam.
! restore: Substituting estimate of restoring beam from last 'invert'.
! Restoring with beam: 0.2049 x 0.4007 at -5.409 degrees (North through East)
! Clean map  min=-0.19195  max=1.5149 Jy/beam
! Writing clean map to FITS file: bm413i.q.edt.OJ287.IF1.q.fits
! Writing difmap environment to: bm413i.q.edt.OJ287.IF1.q.par
exit
! Exiting program
! Log file difmap.log closed on Fri Mar 15 16:25:29 2024
