! Started logfile: difmap.log on Fri Mar 15 14:04:57 2024
![@GPCAL_Difmap_v1 bl229ae.u.edt.0415+379.dtcal.uvf,3,3,2048,0.06,2,-1,bl229ae.u.edt.0415+379.win,0,0,1,bl229ae.u.edt.0415+379.IF3,q]
observe bl229ae.u.edt.0415+379.dtcal.uvf
! Reading UV FITS file: bl229ae.u.edt.0415+379.dtcal.uvf
! AN table 1: 221 integrations on 45 of 45 possible baselines.
! Apparent sampling: 0.832881 visibilities/baseline/integration-bin.
! Found source: 0415+379
! 
! There are 8 IFs, and a total of 8 channels:
! 
!  IF  Channel    Frequency  Freq offset  Number of   Overall IF
!       origin    at origin  per channel   channels    bandwidth
!  ------------------------------------------------------------- (Hz)
!  01        1  1.52399e+10      3.2e+07          1      3.2e+07
!  02        2  1.52719e+10      3.2e+07          1      3.2e+07
!  03        3  1.53039e+10      3.2e+07          1      3.2e+07
!  04        4  1.53359e+10      3.2e+07          1      3.2e+07
!  05        5  1.53679e+10      3.2e+07          1      3.2e+07
!  06        6  1.53999e+10      3.2e+07          1      3.2e+07
!  07        7  1.54319e+10      3.2e+07          1      3.2e+07
!  08        8  1.54639e+10      3.2e+07          1      3.2e+07
! 
! Polarization(s): RR LL RL LR
! 
! Read 1304 lines of history.
! 
! Reading 265056 visibilities.
mapcolor rainbow, 1, 0.5
! Mapplot colormap: rainbow, contrast: 1 brightness: 0.5.
select q, 3, 3
! Selecting polarization: Q,  channels: 3..3
! Reading IF 1 channels: (none)
! Reading IF 2 channels: (none)
! Reading IF 3 channels: 3..3
! Reading IF 4 channels: (none)
! Reading IF 5 channels: (none)
! Reading IF 6 channels: (none)
! Reading IF 7 channels: (none)
! Reading IF 8 channels: (none)
mapsize 2048, 0.06
! Map grid = 2048x2048 pixels with 0.0600x0.0600 milli-arcsec cellsize.
uvweight 2, -1
! Uniform weighting binwidth: 2 (pixels).
! Gridding weights will be scaled by errors raised to the power -1.
! Radial weighting is not currently selected.
rwin bl229ae.u.edt.0415+379.win
! rwins: Read 54 windows from bl229ae.u.edt.0415+379.win
shift 0,0
! Shifting UV data, models and windows by: 0 (mas) East
! Shifting UV data, models and windows by: 0 (mas) North
! Total accumulated eastward shift  = 0 (mas).
! Total accumulated northward shift = 0 (mas).
do i=1,100
  clean 100, 0.02, imstat(rms)*1
  end do
! Inverting map and beam 
! Estimated beam: bmin=0.5423 mas, bmaj=0.8049 mas, bpa=-4.738 degrees
! Estimated noise=0.264001 mJy/beam.
! clean: niter=100  gain=0.02  cutoff=0.000590326
! Component: 050  -  total flux cleaned = -0.00320854 Jy
! Component: 100  -  total flux cleaned = -0.00445133 Jy
! Total flux subtracted in 100 components = -0.00445133 Jy
! Clean residual min=-0.002433 max=0.002328 Jy/beam
! Clean residual mean=0.000000 rms=0.000550 Jy/beam
! Combined flux in latest and established models = -0.00445132 Jy
! clean: niter=100  gain=0.02  cutoff=0.000550328
! Component: 050  -  total flux cleaned = -0.000892931 Jy
! Component: 100  -  total flux cleaned = -0.00139512 Jy
! Total flux subtracted in 100 components = -0.00139512 Jy
! Clean residual min=-0.002373 max=0.002236 Jy/beam
! Clean residual mean=-0.000000 rms=0.000530 Jy/beam
! Combined flux in latest and established models = -0.00584644 Jy
! clean: niter=100  gain=0.02  cutoff=0.000529796
! Component: 050  -  total flux cleaned = -0.000577231 Jy
! Component: 100  -  total flux cleaned = -0.000990348 Jy
! Total flux subtracted in 100 components = -0.000990348 Jy
! Clean residual min=-0.002322 max=0.002182 Jy/beam
! Clean residual mean=-0.000000 rms=0.000516 Jy/beam
! Combined flux in latest and established models = -0.00683679 Jy
! clean: niter=100  gain=0.02  cutoff=0.000515723
! Component: 050  -  total flux cleaned = -0.00010959 Jy
! Component: 100  -  total flux cleaned = -0.000420129 Jy
! Total flux subtracted in 100 components = -0.000420129 Jy
! Clean residual min=-0.002287 max=0.002131 Jy/beam
! Clean residual mean=-0.000000 rms=0.000505 Jy/beam
! Combined flux in latest and established models = -0.00725692 Jy
! clean: niter=100  gain=0.02  cutoff=0.000504584
! Component: 050  -  total flux cleaned = -0.000197667 Jy
! Component: 100  -  total flux cleaned = -0.000482092 Jy
! Total flux subtracted in 100 components = -0.000482092 Jy
! Clean residual min=-0.002247 max=0.002079 Jy/beam
! Clean residual mean=-0.000000 rms=0.000495 Jy/beam
! Combined flux in latest and established models = -0.00773901 Jy
! clean: niter=100  gain=0.02  cutoff=0.000495378
! Component: 050  -  total flux cleaned = -0.000319034 Jy
! Component: 100  -  total flux cleaned = -0.000625696 Jy
! Total flux subtracted in 100 components = -0.000625696 Jy
! Clean residual min=-0.002192 max=0.002031 Jy/beam
! Clean residual mean=-0.000000 rms=0.000487 Jy/beam
! Combined flux in latest and established models = -0.00836471 Jy
! clean: niter=100  gain=0.02  cutoff=0.000487196
! Component: 050  -  total flux cleaned = -0.000253268 Jy
! Component: 100  -  total flux cleaned = -0.000497766 Jy
! Total flux subtracted in 100 components = -0.000497766 Jy
! Clean residual min=-0.002149 max=0.001997 Jy/beam
! Clean residual mean=-0.000000 rms=0.000480 Jy/beam
! Combined flux in latest and established models = -0.00886248 Jy
! clean: niter=100  gain=0.02  cutoff=0.000480009
! Component: 050  -  total flux cleaned = -0.000236682 Jy
! Component: 100  -  total flux cleaned = -0.00039105 Jy
! Total flux subtracted in 100 components = -0.00039105 Jy
! Clean residual min=-0.002111 max=0.001980 Jy/beam
! Clean residual mean=-0.000000 rms=0.000474 Jy/beam
! Combined flux in latest and established models = -0.00925352 Jy
! clean: niter=100  gain=0.02  cutoff=0.000473742
! Component: 050  -  total flux cleaned = -0.000261463 Jy
! Component: 100  -  total flux cleaned = -0.000442682 Jy
! Total flux subtracted in 100 components = -0.000442682 Jy
! Clean residual min=-0.002070 max=0.001964 Jy/beam
! Clean residual mean=-0.000000 rms=0.000468 Jy/beam
! Combined flux in latest and established models = -0.00969621 Jy
! clean: niter=100  gain=0.02  cutoff=0.00046808
! Component: 050  -  total flux cleaned = -0.000105611 Jy
! Component: 100  -  total flux cleaned = -0.000174572 Jy
! Total flux subtracted in 100 components = -0.000174572 Jy
! Clean residual min=-0.002036 max=0.001951 Jy/beam
! Clean residual mean=-0.000000 rms=0.000463 Jy/beam
! Combined flux in latest and established models = -0.00987078 Jy
! clean: niter=100  gain=0.02  cutoff=0.000463063
! Component: 050  -  total flux cleaned = -6.72871e-05 Jy
! Component: 100  -  total flux cleaned = -6.84327e-05 Jy
! Total flux subtracted in 100 components = -6.84327e-05 Jy
! Clean residual min=-0.002008 max=0.001938 Jy/beam
! Clean residual mean=-0.000000 rms=0.000458 Jy/beam
! Combined flux in latest and established models = -0.00993921 Jy
! clean: niter=100  gain=0.02  cutoff=0.000458402
! Component: 050  -  total flux cleaned = -0.000160131 Jy
! Component: 100  -  total flux cleaned = -0.000159837 Jy
! Total flux subtracted in 100 components = -0.000159837 Jy
! Clean residual min=-0.001986 max=0.001924 Jy/beam
! Clean residual mean=-0.000000 rms=0.000454 Jy/beam
! Combined flux in latest and established models = -0.010099 Jy
! clean: niter=100  gain=0.02  cutoff=0.000454061
! Component: 050  -  total flux cleaned = -6.10726e-05 Jy
! Component: 100  -  total flux cleaned = -0.000121048 Jy
! Total flux subtracted in 100 components = -0.000121048 Jy
! Clean residual min=-0.001962 max=0.001912 Jy/beam
! Clean residual mean=-0.000000 rms=0.000450 Jy/beam
! Combined flux in latest and established models = -0.0102201 Jy
! clean: niter=100  gain=0.02  cutoff=0.000450077
! Component: 050  -  total flux cleaned = 1.17875e-07 Jy
! Component: 100  -  total flux cleaned = -8.67776e-05 Jy
! Total flux subtracted in 100 components = -8.67776e-05 Jy
! Clean residual min=-0.001947 max=0.001899 Jy/beam
! Clean residual mean=-0.000000 rms=0.000446 Jy/beam
! Combined flux in latest and established models = -0.0103069 Jy
! clean: niter=100  gain=0.02  cutoff=0.000446331
! Component: 050  -  total flux cleaned = 3.22356e-07 Jy
! Component: 100  -  total flux cleaned = -5.56703e-05 Jy
! Total flux subtracted in 100 components = -5.56703e-05 Jy
! Clean residual min=-0.001928 max=0.001892 Jy/beam
! Clean residual mean=-0.000000 rms=0.000443 Jy/beam
! Combined flux in latest and established models = -0.0103625 Jy
! clean: niter=100  gain=0.02  cutoff=0.000442844
! Component: 050  -  total flux cleaned = -2.71772e-05 Jy
! Component: 100  -  total flux cleaned = -2.70503e-05 Jy
! Total flux subtracted in 100 components = -2.70503e-05 Jy
! Clean residual min=-0.001907 max=0.001878 Jy/beam
! Clean residual mean=-0.000000 rms=0.000440 Jy/beam
! Combined flux in latest and established models = -0.0103896 Jy
! clean: niter=100  gain=0.02  cutoff=0.000439553
! Component: 050  -  total flux cleaned = -7.96201e-05 Jy
! Component: 100  -  total flux cleaned = -7.89171e-05 Jy
! Total flux subtracted in 100 components = -7.89171e-05 Jy
! Clean residual min=-0.001890 max=0.001868 Jy/beam
! Clean residual mean=-0.000000 rms=0.000436 Jy/beam
! Combined flux in latest and established models = -0.0104685 Jy
! clean: niter=100  gain=0.02  cutoff=0.00043642
! Component: 050  -  total flux cleaned = -2.54136e-05 Jy
! Component: 100  -  total flux cleaned = -5.06597e-05 Jy
! Total flux subtracted in 100 components = -5.06597e-05 Jy
! Clean residual min=-0.001873 max=0.001859 Jy/beam
! Clean residual mean=-0.000000 rms=0.000433 Jy/beam
! Combined flux in latest and established models = -0.0105192 Jy
! clean: niter=100  gain=0.02  cutoff=0.000433431
! Component: 050  -  total flux cleaned = 1.24821e-07 Jy
! Component: 100  -  total flux cleaned = -1.42096e-07 Jy
! Total flux subtracted in 100 components = -1.42096e-07 Jy
! Clean residual min=-0.001855 max=0.001851 Jy/beam
! Clean residual mean=-0.000000 rms=0.000431 Jy/beam
! Combined flux in latest and established models = -0.0105193 Jy
! clean: niter=100  gain=0.02  cutoff=0.000430655
! Component: 050  -  total flux cleaned = -7.31709e-05 Jy
! Component: 100  -  total flux cleaned = -7.33248e-05 Jy
! Total flux subtracted in 100 components = -7.33248e-05 Jy
! Clean residual min=-0.001842 max=0.001843 Jy/beam
! Clean residual mean=-0.000000 rms=0.000428 Jy/beam
! Combined flux in latest and established models = -0.0105926 Jy
! clean: niter=100  gain=0.02  cutoff=0.000428007
! Component: 050  -  total flux cleaned = -4.76474e-05 Jy
! Component: 100  -  total flux cleaned = -7.11524e-05 Jy
! Total flux subtracted in 100 components = -7.11524e-05 Jy
! Clean residual min=-0.001829 max=0.001834 Jy/beam
! Clean residual mean=-0.000000 rms=0.000426 Jy/beam
! Combined flux in latest and established models = -0.0106638 Jy
! clean: niter=100  gain=0.02  cutoff=0.000425514
! Component: 050  -  total flux cleaned = -2.34267e-05 Jy
! Component: 100  -  total flux cleaned = -6.9108e-05 Jy
! Total flux subtracted in 100 components = -6.9108e-05 Jy
! Clean residual min=-0.001817 max=0.001824 Jy/beam
! Clean residual mean=-0.000000 rms=0.000423 Jy/beam
! Combined flux in latest and established models = -0.0107329 Jy
! clean: niter=100  gain=0.02  cutoff=0.000423102
! Component: 050  -  total flux cleaned = -2.26051e-05 Jy
! Component: 100  -  total flux cleaned = -6.69579e-05 Jy
! Total flux subtracted in 100 components = -6.69579e-05 Jy
! Clean residual min=-0.001802 max=0.001816 Jy/beam
! Clean residual mean=-0.000000 rms=0.000421 Jy/beam
! Combined flux in latest and established models = -0.0107999 Jy
! clean: niter=100  gain=0.02  cutoff=0.000420774
! Component: 050  -  total flux cleaned = 7.5067e-08 Jy
! Component: 100  -  total flux cleaned = -4.3615e-05 Jy
! Total flux subtracted in 100 components = -4.3615e-05 Jy
! Clean residual min=-0.001787 max=0.001806 Jy/beam
! Clean residual mean=-0.000000 rms=0.000419 Jy/beam
! Combined flux in latest and established models = -0.0108435 Jy
! clean: niter=100  gain=0.02  cutoff=0.00041853
! Component: 050  -  total flux cleaned = -4.33422e-05 Jy
! Component: 100  -  total flux cleaned = -6.45909e-05 Jy
! Total flux subtracted in 100 components = -6.45909e-05 Jy
! Clean residual min=-0.001773 max=0.001797 Jy/beam
! Clean residual mean=-0.000000 rms=0.000416 Jy/beam
! Combined flux in latest and established models = -0.0109081 Jy
! clean: niter=100  gain=0.02  cutoff=0.000416378
! Component: 050  -  total flux cleaned = -2.10295e-05 Jy
! Component: 100  -  total flux cleaned = -8.3299e-05 Jy
! Total flux subtracted in 100 components = -8.3299e-05 Jy
! Clean residual min=-0.001760 max=0.001788 Jy/beam
! Clean residual mean=-0.000000 rms=0.000414 Jy/beam
! Combined flux in latest and established models = -0.0109914 Jy
! clean: niter=100  gain=0.02  cutoff=0.000414304
! Component: 050  -  total flux cleaned = -2.04559e-05 Jy
! Component: 100  -  total flux cleaned = -4.09597e-05 Jy
! Total flux subtracted in 100 components = -4.09597e-05 Jy
! Clean residual min=-0.001750 max=0.001779 Jy/beam
! Clean residual mean=-0.000000 rms=0.000412 Jy/beam
! Combined flux in latest and established models = -0.0110323 Jy
! clean: niter=100  gain=0.02  cutoff=0.000412367
! Component: 050  -  total flux cleaned = -5.16075e-08 Jy
! Component: 100  -  total flux cleaned = -6.02152e-05 Jy
! Total flux subtracted in 100 components = -6.02152e-05 Jy
! Clean residual min=-0.001739 max=0.001771 Jy/beam
! Clean residual mean=-0.000000 rms=0.000410 Jy/beam
! Combined flux in latest and established models = -0.0110925 Jy
! clean: niter=100  gain=0.02  cutoff=0.000410496
! Component: 050  -  total flux cleaned = -3.9374e-05 Jy
! Component: 100  -  total flux cleaned = -7.82547e-05 Jy
! Total flux subtracted in 100 components = -7.82547e-05 Jy
! Clean residual min=-0.001726 max=0.001763 Jy/beam
! Clean residual mean=-0.000000 rms=0.000409 Jy/beam
! Combined flux in latest and established models = -0.0111708 Jy
! clean: niter=100  gain=0.02  cutoff=0.000408649
! Component: 050  -  total flux cleaned = -1.92669e-05 Jy
! Component: 100  -  total flux cleaned = -3.83922e-05 Jy
! Total flux subtracted in 100 components = -3.83922e-05 Jy
! Clean residual min=-0.001722 max=0.001757 Jy/beam
! Clean residual mean=-0.000000 rms=0.000407 Jy/beam
! Combined flux in latest and established models = -0.0112092 Jy
! clean: niter=100  gain=0.02  cutoff=0.000406866
! Component: 050  -  total flux cleaned = -3.79604e-05 Jy
! Component: 100  -  total flux cleaned = -5.66795e-05 Jy
! Total flux subtracted in 100 components = -5.66795e-05 Jy
! Clean residual min=-0.001717 max=0.001752 Jy/beam
! Clean residual mean=-0.000000 rms=0.000405 Jy/beam
! Combined flux in latest and established models = -0.0112659 Jy
! clean: niter=100  gain=0.02  cutoff=0.000405143
! Component: 050  -  total flux cleaned = -3.69904e-05 Jy
! Component: 100  -  total flux cleaned = -9.2132e-05 Jy
! Total flux subtracted in 100 components = -9.2132e-05 Jy
! Clean residual min=-0.001711 max=0.001752 Jy/beam
! Clean residual mean=-0.000000 rms=0.000404 Jy/beam
! Combined flux in latest and established models = -0.011358 Jy
! clean: niter=100  gain=0.02  cutoff=0.000403536
! Component: 050  -  total flux cleaned = 1.83469e-05 Jy
! Component: 100  -  total flux cleaned = -3.57035e-05 Jy
! Total flux subtracted in 100 components = -3.57035e-05 Jy
! Clean residual min=-0.001708 max=0.001749 Jy/beam
! Clean residual mean=-0.000000 rms=0.000402 Jy/beam
! Combined flux in latest and established models = -0.0113937 Jy
! clean: niter=100  gain=0.02  cutoff=0.000401924
! Component: 050  -  total flux cleaned = -1.79627e-05 Jy
! Component: 100  -  total flux cleaned = -5.35009e-05 Jy
! Total flux subtracted in 100 components = -5.35009e-05 Jy
! Clean residual min=-0.001704 max=0.001749 Jy/beam
! Clean residual mean=-0.000000 rms=0.000400 Jy/beam
! Combined flux in latest and established models = -0.0114472 Jy
! clean: niter=100  gain=0.02  cutoff=0.000400397
! Component: 050  -  total flux cleaned = 1.72352e-05 Jy
! Component: 100  -  total flux cleaned = -5.2301e-05 Jy
! Total flux subtracted in 100 components = -5.2301e-05 Jy
! Clean residual min=-0.001699 max=0.001746 Jy/beam
! Clean residual mean=-0.000000 rms=0.000399 Jy/beam
! Combined flux in latest and established models = -0.0114995 Jy
! clean: niter=100  gain=0.02  cutoff=0.000398889
! Component: 050  -  total flux cleaned = -1.73255e-05 Jy
! Component: 100  -  total flux cleaned = -3.45112e-05 Jy
! Total flux subtracted in 100 components = -3.45112e-05 Jy
! Clean residual min=-0.001693 max=0.001746 Jy/beam
! Clean residual mean=-0.000000 rms=0.000397 Jy/beam
! Combined flux in latest and established models = -0.011534 Jy
! clean: niter=100  gain=0.02  cutoff=0.000397436
! Component: 050  -  total flux cleaned = -5.07899e-05 Jy
! Component: 100  -  total flux cleaned = -5.07913e-05 Jy
! Total flux subtracted in 100 components = -5.07913e-05 Jy
! Clean residual min=-0.001690 max=0.001745 Jy/beam
! Clean residual mean=-0.000000 rms=0.000396 Jy/beam
! Combined flux in latest and established models = -0.0115848 Jy
! clean: niter=100  gain=0.02  cutoff=0.000396056
! Component: 050  -  total flux cleaned = -4.92626e-07 Jy
! Component: 100  -  total flux cleaned = -4.99693e-05 Jy
! Total flux subtracted in 100 components = -4.99693e-05 Jy
! Clean residual min=-0.001687 max=0.001743 Jy/beam
! Clean residual mean=-0.000000 rms=0.000395 Jy/beam
! Combined flux in latest and established models = -0.0116348 Jy
! clean: niter=100  gain=0.02  cutoff=0.000394696
! Component: 050  -  total flux cleaned = -4.90671e-05 Jy
! Component: 100  -  total flux cleaned = -4.90209e-05 Jy
! Total flux subtracted in 100 components = -4.90209e-05 Jy
! Clean residual min=-0.001681 max=0.001742 Jy/beam
! Clean residual mean=-0.000000 rms=0.000393 Jy/beam
! Combined flux in latest and established models = -0.0116838 Jy
! clean: niter=100  gain=0.02  cutoff=0.00039337
! Component: 050  -  total flux cleaned = -3.20411e-05 Jy
! Component: 100  -  total flux cleaned = -7.95207e-05 Jy
! Total flux subtracted in 100 components = -7.95207e-05 Jy
! Clean residual min=-0.001676 max=0.001740 Jy/beam
! Clean residual mean=-0.000000 rms=0.000392 Jy/beam
! Combined flux in latest and established models = -0.0117633 Jy
! clean: niter=100  gain=0.02  cutoff=0.000392103
! Component: 050  -  total flux cleaned = 2.52292e-07 Jy
! Clean target residual flux of 0.000392103 Jy/beam attained
! Total flux subtracted in 58 components = 3.57705e-07 Jy
! Clean residual min=-0.001675 max=0.001741 Jy/beam
! Clean residual mean=-0.000000 rms=0.000391 Jy/beam
! Combined flux in latest and established models = -0.011763 Jy
! clean: niter=100  gain=0.02  cutoff=0.000391354
! Clean target residual flux of 0.000391354 Jy/beam attained
! Total flux subtracted in 9 components = 2.34876e-05 Jy
! Clean residual min=-0.001674 max=0.001741 Jy/beam
! Clean residual mean=-0.000000 rms=0.000391 Jy/beam
! Combined flux in latest and established models = -0.0117395 Jy
! clean: niter=100  gain=0.02  cutoff=0.000391237
! Clean target residual flux of 0.000391237 Jy/beam attained
! Total flux subtracted in 0 components = 0 Jy
! Clean residual min=-0.001674 max=0.001741 Jy/beam
! Clean residual mean=-0.000000 rms=0.000391 Jy/beam
! Combined flux in latest and established models = -0.0117395 Jy
! clean: niter=100  gain=0.02  cutoff=0.000391237
! Clean target residual flux of 0.000391237 Jy/beam attained
! Total flux subtracted in 0 components = 0 Jy
! Clean residual min=-0.001674 max=0.001741 Jy/beam
! Clean residual mean=-0.000000 rms=0.000391 Jy/beam
! Combined flux in latest and established models = -0.0117395 Jy
! clean: niter=100  gain=0.02  cutoff=0.000391237
! Clean target residual flux of 0.000391237 Jy/beam attained
! Total flux subtracted in 0 components = 0 Jy
! Clean residual min=-0.001674 max=0.001741 Jy/beam
! Clean residual mean=-0.000000 rms=0.000391 Jy/beam
! Combined flux in latest and established models = -0.0117395 Jy
! clean: niter=100  gain=0.02  cutoff=0.000391237
! Clean target residual flux of 0.000391237 Jy/beam attained
! Total flux subtracted in 0 components = 0 Jy
! Clean residual min=-0.001674 max=0.001741 Jy/beam
! Clean residual mean=-0.000000 rms=0.000391 Jy/beam
! Combined flux in latest and established models = -0.0117395 Jy
! clean: niter=100  gain=0.02  cutoff=0.000391237
! Clean target residual flux of 0.000391237 Jy/beam attained
! Total flux subtracted in 0 components = 0 Jy
! Clean residual min=-0.001674 max=0.001741 Jy/beam
! Clean residual mean=-0.000000 rms=0.000391 Jy/beam
! Combined flux in latest and established models = -0.0117395 Jy
! clean: niter=100  gain=0.02  cutoff=0.000391237
! Clean target residual flux of 0.000391237 Jy/beam attained
! Total flux subtracted in 0 components = 0 Jy
! Clean residual min=-0.001674 max=0.001741 Jy/beam
! Clean residual mean=-0.000000 rms=0.000391 Jy/beam
! Combined flux in latest and established models = -0.0117395 Jy
! clean: niter=100  gain=0.02  cutoff=0.000391237
! Clean target residual flux of 0.000391237 Jy/beam attained
! Total flux subtracted in 0 components = 0 Jy
! Clean residual min=-0.001674 max=0.001741 Jy/beam
! Clean residual mean=-0.000000 rms=0.000391 Jy/beam
! Combined flux in latest and established models = -0.0117395 Jy
! clean: niter=100  gain=0.02  cutoff=0.000391237
! Clean target residual flux of 0.000391237 Jy/beam attained
! Total flux subtracted in 0 components = 0 Jy
! Clean residual min=-0.001674 max=0.001741 Jy/beam
! Clean residual mean=-0.000000 rms=0.000391 Jy/beam
! Combined flux in latest and established models = -0.0117395 Jy
! clean: niter=100  gain=0.02  cutoff=0.000391237
! Clean target residual flux of 0.000391237 Jy/beam attained
! Total flux subtracted in 0 components = 0 Jy
! Clean residual min=-0.001674 max=0.001741 Jy/beam
! Clean residual mean=-0.000000 rms=0.000391 Jy/beam
! Combined flux in latest and established models = -0.0117395 Jy
! clean: niter=100  gain=0.02  cutoff=0.000391237
! Clean target residual flux of 0.000391237 Jy/beam attained
! Total flux subtracted in 0 components = 0 Jy
! Clean residual min=-0.001674 max=0.001741 Jy/beam
! Clean residual mean=-0.000000 rms=0.000391 Jy/beam
! Combined flux in latest and established models = -0.0117395 Jy
! clean: niter=100  gain=0.02  cutoff=0.000391237
! Clean target residual flux of 0.000391237 Jy/beam attained
! Total flux subtracted in 0 components = 0 Jy
! Clean residual min=-0.001674 max=0.001741 Jy/beam
! Clean residual mean=-0.000000 rms=0.000391 Jy/beam
! Combined flux in latest and established models = -0.0117395 Jy
! clean: niter=100  gain=0.02  cutoff=0.000391237
! Clean target residual flux of 0.000391237 Jy/beam attained
! Total flux subtracted in 0 components = 0 Jy
! Clean residual min=-0.001674 max=0.001741 Jy/beam
! Clean residual mean=-0.000000 rms=0.000391 Jy/beam
! Combined flux in latest and established models = -0.0117395 Jy
! clean: niter=100  gain=0.02  cutoff=0.000391237
! Clean target residual flux of 0.000391237 Jy/beam attained
! Total flux subtracted in 0 components = 0 Jy
! Clean residual min=-0.001674 max=0.001741 Jy/beam
! Clean residual mean=-0.000000 rms=0.000391 Jy/beam
! Combined flux in latest and established models = -0.0117395 Jy
! clean: niter=100  gain=0.02  cutoff=0.000391237
! Clean target residual flux of 0.000391237 Jy/beam attained
! Total flux subtracted in 0 components = 0 Jy
! Clean residual min=-0.001674 max=0.001741 Jy/beam
! Clean residual mean=-0.000000 rms=0.000391 Jy/beam
! Combined flux in latest and established models = -0.0117395 Jy
! clean: niter=100  gain=0.02  cutoff=0.000391237
! Clean target residual flux of 0.000391237 Jy/beam attained
! Total flux subtracted in 0 components = 0 Jy
! Clean residual min=-0.001674 max=0.001741 Jy/beam
! Clean residual mean=-0.000000 rms=0.000391 Jy/beam
! Combined flux in latest and established models = -0.0117395 Jy
! clean: niter=100  gain=0.02  cutoff=0.000391237
! Clean target residual flux of 0.000391237 Jy/beam attained
! Total flux subtracted in 0 components = 0 Jy
! Clean residual min=-0.001674 max=0.001741 Jy/beam
! Clean residual mean=-0.000000 rms=0.000391 Jy/beam
! Combined flux in latest and established models = -0.0117395 Jy
! clean: niter=100  gain=0.02  cutoff=0.000391237
! Clean target residual flux of 0.000391237 Jy/beam attained
! Total flux subtracted in 0 components = 0 Jy
! Clean residual min=-0.001674 max=0.001741 Jy/beam
! Clean residual mean=-0.000000 rms=0.000391 Jy/beam
! Combined flux in latest and established models = -0.0117395 Jy
! clean: niter=100  gain=0.02  cutoff=0.000391237
! Clean target residual flux of 0.000391237 Jy/beam attained
! Total flux subtracted in 0 components = 0 Jy
! Clean residual min=-0.001674 max=0.001741 Jy/beam
! Clean residual mean=-0.000000 rms=0.000391 Jy/beam
! Combined flux in latest and established models = -0.0117395 Jy
! clean: niter=100  gain=0.02  cutoff=0.000391237
! Clean target residual flux of 0.000391237 Jy/beam attained
! Total flux subtracted in 0 components = 0 Jy
! Clean residual min=-0.001674 max=0.001741 Jy/beam
! Clean residual mean=-0.000000 rms=0.000391 Jy/beam
! Combined flux in latest and established models = -0.0117395 Jy
! clean: niter=100  gain=0.02  cutoff=0.000391237
! Clean target residual flux of 0.000391237 Jy/beam attained
! Total flux subtracted in 0 components = 0 Jy
! Clean residual min=-0.001674 max=0.001741 Jy/beam
! Clean residual mean=-0.000000 rms=0.000391 Jy/beam
! Combined flux in latest and established models = -0.0117395 Jy
! clean: niter=100  gain=0.02  cutoff=0.000391237
! Clean target residual flux of 0.000391237 Jy/beam attained
! Total flux subtracted in 0 components = 0 Jy
! Clean residual min=-0.001674 max=0.001741 Jy/beam
! Clean residual mean=-0.000000 rms=0.000391 Jy/beam
! Combined flux in latest and established models = -0.0117395 Jy
! clean: niter=100  gain=0.02  cutoff=0.000391237
! Clean target residual flux of 0.000391237 Jy/beam attained
! Total flux subtracted in 0 components = 0 Jy
! Clean residual min=-0.001674 max=0.001741 Jy/beam
! Clean residual mean=-0.000000 rms=0.000391 Jy/beam
! Combined flux in latest and established models = -0.0117395 Jy
! clean: niter=100  gain=0.02  cutoff=0.000391237
! Clean target residual flux of 0.000391237 Jy/beam attained
! Total flux subtracted in 0 components = 0 Jy
! Clean residual min=-0.001674 max=0.001741 Jy/beam
! Clean residual mean=-0.000000 rms=0.000391 Jy/beam
! Combined flux in latest and established models = -0.0117395 Jy
! clean: niter=100  gain=0.02  cutoff=0.000391237
! Clean target residual flux of 0.000391237 Jy/beam attained
! Total flux subtracted in 0 components = 0 Jy
! Clean residual min=-0.001674 max=0.001741 Jy/beam
! Clean residual mean=-0.000000 rms=0.000391 Jy/beam
! Combined flux in latest and established models = -0.0117395 Jy
! clean: niter=100  gain=0.02  cutoff=0.000391237
! Clean target residual flux of 0.000391237 Jy/beam attained
! Total flux subtracted in 0 components = 0 Jy
! Clean residual min=-0.001674 max=0.001741 Jy/beam
! Clean residual mean=-0.000000 rms=0.000391 Jy/beam
! Combined flux in latest and established models = -0.0117395 Jy
! clean: niter=100  gain=0.02  cutoff=0.000391237
! Clean target residual flux of 0.000391237 Jy/beam attained
! Total flux subtracted in 0 components = 0 Jy
! Clean residual min=-0.001674 max=0.001741 Jy/beam
! Clean residual mean=-0.000000 rms=0.000391 Jy/beam
! Combined flux in latest and established models = -0.0117395 Jy
! clean: niter=100  gain=0.02  cutoff=0.000391237
! Clean target residual flux of 0.000391237 Jy/beam attained
! Total flux subtracted in 0 components = 0 Jy
! Clean residual min=-0.001674 max=0.001741 Jy/beam
! Clean residual mean=-0.000000 rms=0.000391 Jy/beam
! Combined flux in latest and established models = -0.0117395 Jy
! clean: niter=100  gain=0.02  cutoff=0.000391237
! Clean target residual flux of 0.000391237 Jy/beam attained
! Total flux subtracted in 0 components = 0 Jy
! Clean residual min=-0.001674 max=0.001741 Jy/beam
! Clean residual mean=-0.000000 rms=0.000391 Jy/beam
! Combined flux in latest and established models = -0.0117395 Jy
! clean: niter=100  gain=0.02  cutoff=0.000391237
! Clean target residual flux of 0.000391237 Jy/beam attained
! Total flux subtracted in 0 components = 0 Jy
! Clean residual min=-0.001674 max=0.001741 Jy/beam
! Clean residual mean=-0.000000 rms=0.000391 Jy/beam
! Combined flux in latest and established models = -0.0117395 Jy
! clean: niter=100  gain=0.02  cutoff=0.000391237
! Clean target residual flux of 0.000391237 Jy/beam attained
! Total flux subtracted in 0 components = 0 Jy
! Clean residual min=-0.001674 max=0.001741 Jy/beam
! Clean residual mean=-0.000000 rms=0.000391 Jy/beam
! Combined flux in latest and established models = -0.0117395 Jy
! clean: niter=100  gain=0.02  cutoff=0.000391237
! Clean target residual flux of 0.000391237 Jy/beam attained
! Total flux subtracted in 0 components = 0 Jy
! Clean residual min=-0.001674 max=0.001741 Jy/beam
! Clean residual mean=-0.000000 rms=0.000391 Jy/beam
! Combined flux in latest and established models = -0.0117395 Jy
! clean: niter=100  gain=0.02  cutoff=0.000391237
! Clean target residual flux of 0.000391237 Jy/beam attained
! Total flux subtracted in 0 components = 0 Jy
! Clean residual min=-0.001674 max=0.001741 Jy/beam
! Clean residual mean=-0.000000 rms=0.000391 Jy/beam
! Combined flux in latest and established models = -0.0117395 Jy
! clean: niter=100  gain=0.02  cutoff=0.000391237
! Clean target residual flux of 0.000391237 Jy/beam attained
! Total flux subtracted in 0 components = 0 Jy
! Clean residual min=-0.001674 max=0.001741 Jy/beam
! Clean residual mean=-0.000000 rms=0.000391 Jy/beam
! Combined flux in latest and established models = -0.0117395 Jy
! clean: niter=100  gain=0.02  cutoff=0.000391237
! Clean target residual flux of 0.000391237 Jy/beam attained
! Total flux subtracted in 0 components = 0 Jy
! Clean residual min=-0.001674 max=0.001741 Jy/beam
! Clean residual mean=-0.000000 rms=0.000391 Jy/beam
! Combined flux in latest and established models = -0.0117395 Jy
! clean: niter=100  gain=0.02  cutoff=0.000391237
! Clean target residual flux of 0.000391237 Jy/beam attained
! Total flux subtracted in 0 components = 0 Jy
! Clean residual min=-0.001674 max=0.001741 Jy/beam
! Clean residual mean=-0.000000 rms=0.000391 Jy/beam
! Combined flux in latest and established models = -0.0117395 Jy
! clean: niter=100  gain=0.02  cutoff=0.000391237
! Clean target residual flux of 0.000391237 Jy/beam attained
! Total flux subtracted in 0 components = 0 Jy
! Clean residual min=-0.001674 max=0.001741 Jy/beam
! Clean residual mean=-0.000000 rms=0.000391 Jy/beam
! Combined flux in latest and established models = -0.0117395 Jy
! clean: niter=100  gain=0.02  cutoff=0.000391237
! Clean target residual flux of 0.000391237 Jy/beam attained
! Total flux subtracted in 0 components = 0 Jy
! Clean residual min=-0.001674 max=0.001741 Jy/beam
! Clean residual mean=-0.000000 rms=0.000391 Jy/beam
! Combined flux in latest and established models = -0.0117395 Jy
! clean: niter=100  gain=0.02  cutoff=0.000391237
! Clean target residual flux of 0.000391237 Jy/beam attained
! Total flux subtracted in 0 components = 0 Jy
! Clean residual min=-0.001674 max=0.001741 Jy/beam
! Clean residual mean=-0.000000 rms=0.000391 Jy/beam
! Combined flux in latest and established models = -0.0117395 Jy
! clean: niter=100  gain=0.02  cutoff=0.000391237
! Clean target residual flux of 0.000391237 Jy/beam attained
! Total flux subtracted in 0 components = 0 Jy
! Clean residual min=-0.001674 max=0.001741 Jy/beam
! Clean residual mean=-0.000000 rms=0.000391 Jy/beam
! Combined flux in latest and established models = -0.0117395 Jy
! clean: niter=100  gain=0.02  cutoff=0.000391237
! Clean target residual flux of 0.000391237 Jy/beam attained
! Total flux subtracted in 0 components = 0 Jy
! Clean residual min=-0.001674 max=0.001741 Jy/beam
! Clean residual mean=-0.000000 rms=0.000391 Jy/beam
! Combined flux in latest and established models = -0.0117395 Jy
! clean: niter=100  gain=0.02  cutoff=0.000391237
! Clean target residual flux of 0.000391237 Jy/beam attained
! Total flux subtracted in 0 components = 0 Jy
! Clean residual min=-0.001674 max=0.001741 Jy/beam
! Clean residual mean=-0.000000 rms=0.000391 Jy/beam
! Combined flux in latest and established models = -0.0117395 Jy
! clean: niter=100  gain=0.02  cutoff=0.000391237
! Clean target residual flux of 0.000391237 Jy/beam attained
! Total flux subtracted in 0 components = 0 Jy
! Clean residual min=-0.001674 max=0.001741 Jy/beam
! Clean residual mean=-0.000000 rms=0.000391 Jy/beam
! Combined flux in latest and established models = -0.0117395 Jy
! clean: niter=100  gain=0.02  cutoff=0.000391237
! Clean target residual flux of 0.000391237 Jy/beam attained
! Total flux subtracted in 0 components = 0 Jy
! Clean residual min=-0.001674 max=0.001741 Jy/beam
! Clean residual mean=-0.000000 rms=0.000391 Jy/beam
! Combined flux in latest and established models = -0.0117395 Jy
! clean: niter=100  gain=0.02  cutoff=0.000391237
! Clean target residual flux of 0.000391237 Jy/beam attained
! Total flux subtracted in 0 components = 0 Jy
! Clean residual min=-0.001674 max=0.001741 Jy/beam
! Clean residual mean=-0.000000 rms=0.000391 Jy/beam
! Combined flux in latest and established models = -0.0117395 Jy
! clean: niter=100  gain=0.02  cutoff=0.000391237
! Clean target residual flux of 0.000391237 Jy/beam attained
! Total flux subtracted in 0 components = 0 Jy
! Clean residual min=-0.001674 max=0.001741 Jy/beam
! Clean residual mean=-0.000000 rms=0.000391 Jy/beam
! Combined flux in latest and established models = -0.0117395 Jy
! clean: niter=100  gain=0.02  cutoff=0.000391237
! Clean target residual flux of 0.000391237 Jy/beam attained
! Total flux subtracted in 0 components = 0 Jy
! Clean residual min=-0.001674 max=0.001741 Jy/beam
! Clean residual mean=-0.000000 rms=0.000391 Jy/beam
! Combined flux in latest and established models = -0.0117395 Jy
! clean: niter=100  gain=0.02  cutoff=0.000391237
! Clean target residual flux of 0.000391237 Jy/beam attained
! Total flux subtracted in 0 components = 0 Jy
! Clean residual min=-0.001674 max=0.001741 Jy/beam
! Clean residual mean=-0.000000 rms=0.000391 Jy/beam
! Combined flux in latest and established models = -0.0117395 Jy
! clean: niter=100  gain=0.02  cutoff=0.000391237
! Clean target residual flux of 0.000391237 Jy/beam attained
! Total flux subtracted in 0 components = 0 Jy
! Clean residual min=-0.001674 max=0.001741 Jy/beam
! Clean residual mean=-0.000000 rms=0.000391 Jy/beam
! Combined flux in latest and established models = -0.0117395 Jy
! clean: niter=100  gain=0.02  cutoff=0.000391237
! Clean target residual flux of 0.000391237 Jy/beam attained
! Total flux subtracted in 0 components = 0 Jy
! Clean residual min=-0.001674 max=0.001741 Jy/beam
! Clean residual mean=-0.000000 rms=0.000391 Jy/beam
! Combined flux in latest and established models = -0.0117395 Jy
! clean: niter=100  gain=0.02  cutoff=0.000391237
! Clean target residual flux of 0.000391237 Jy/beam attained
! Total flux subtracted in 0 components = 0 Jy
! Clean residual min=-0.001674 max=0.001741 Jy/beam
! Clean residual mean=-0.000000 rms=0.000391 Jy/beam
! Combined flux in latest and established models = -0.0117395 Jy
! clean: niter=100  gain=0.02  cutoff=0.000391237
! Clean target residual flux of 0.000391237 Jy/beam attained
! Total flux subtracted in 0 components = 0 Jy
! Clean residual min=-0.001674 max=0.001741 Jy/beam
! Clean residual mean=-0.000000 rms=0.000391 Jy/beam
! Combined flux in latest and established models = -0.0117395 Jy
! clean: niter=100  gain=0.02  cutoff=0.000391237
! Clean target residual flux of 0.000391237 Jy/beam attained
! Total flux subtracted in 0 components = 0 Jy
! Clean residual min=-0.001674 max=0.001741 Jy/beam
! Clean residual mean=-0.000000 rms=0.000391 Jy/beam
! Combined flux in latest and established models = -0.0117395 Jy
! clean: niter=100  gain=0.02  cutoff=0.000391237
! Clean target residual flux of 0.000391237 Jy/beam attained
! Total flux subtracted in 0 components = 0 Jy
! Clean residual min=-0.001674 max=0.001741 Jy/beam
! Clean residual mean=-0.000000 rms=0.000391 Jy/beam
! Combined flux in latest and established models = -0.0117395 Jy
! clean: niter=100  gain=0.02  cutoff=0.000391237
! Clean target residual flux of 0.000391237 Jy/beam attained
! Total flux subtracted in 0 components = 0 Jy
! Clean residual min=-0.001674 max=0.001741 Jy/beam
! Clean residual mean=-0.000000 rms=0.000391 Jy/beam
! Combined flux in latest and established models = -0.0117395 Jy
! clean: niter=100  gain=0.02  cutoff=0.000391237
! Clean target residual flux of 0.000391237 Jy/beam attained
! Total flux subtracted in 0 components = 0 Jy
! Clean residual min=-0.001674 max=0.001741 Jy/beam
! Clean residual mean=-0.000000 rms=0.000391 Jy/beam
! Combined flux in latest and established models = -0.0117395 Jy
! clean: niter=100  gain=0.02  cutoff=0.000391237
! Clean target residual flux of 0.000391237 Jy/beam attained
! Total flux subtracted in 0 components = 0 Jy
! Clean residual min=-0.001674 max=0.001741 Jy/beam
! Clean residual mean=-0.000000 rms=0.000391 Jy/beam
! Combined flux in latest and established models = -0.0117395 Jy
! clean: niter=100  gain=0.02  cutoff=0.000391237
! Clean target residual flux of 0.000391237 Jy/beam attained
! Total flux subtracted in 0 components = 0 Jy
! Clean residual min=-0.001674 max=0.001741 Jy/beam
! Clean residual mean=-0.000000 rms=0.000391 Jy/beam
! Combined flux in latest and established models = -0.0117395 Jy
! clean: niter=100  gain=0.02  cutoff=0.000391237
! Clean target residual flux of 0.000391237 Jy/beam attained
! Total flux subtracted in 0 components = 0 Jy
! Clean residual min=-0.001674 max=0.001741 Jy/beam
! Clean residual mean=-0.000000 rms=0.000391 Jy/beam
! Combined flux in latest and established models = -0.0117395 Jy
select i
! Selecting polarization: I,  channels: 3..3
! Reading IF 1 channels: (none)
! Reading IF 2 channels: (none)
! Reading IF 3 channels: 3..3
! Reading IF 4 channels: (none)
! Reading IF 5 channels: (none)
! Reading IF 6 channels: (none)
! Reading IF 7 channels: (none)
! Reading IF 8 channels: (none)
save bl229ae.u.edt.0415+379.IF3.q
! Writing UV FITS file: bl229ae.u.edt.0415+379.IF3.q.uvf
! Writing 265 model components to file: bl229ae.u.edt.0415+379.IF3.q.mod
! wwins: Wrote 54 windows to bl229ae.u.edt.0415+379.IF3.q.win
! Adding 265 model components to the UV plane model.
! The established model now contains 265 components and -0.0117395 Jy
! Inverting map and beam 
! Estimated beam: bmin=0.5423 mas, bmaj=0.8049 mas, bpa=-4.782 degrees
! Estimated noise=0.264 mJy/beam.
! restore: Substituting estimate of restoring beam from last 'invert'.
! Restoring with beam: 0.5423 x 0.8049 at -4.782 degrees (North through East)
! Clean map  min=-0.1315  max=1.0901 Jy/beam
! Writing clean map to FITS file: bl229ae.u.edt.0415+379.IF3.q.fits
! Writing difmap environment to: bl229ae.u.edt.0415+379.IF3.q.par
exit
! Exiting program
! Log file difmap.log closed on Fri Mar 15 14:05:21 2024
