! Started logfile: difmap.log on Fri Mar 15 16:59:29 2024
![@GPCAL_Difmap_v1 18ja.d.edt.3C273.dtcal.uvf,1,1,2048,0.02,0,-1,18ja.d.edt.3C273.win,0,0,1,18ja.d.edt.3C273.IF1,q]
observe 18ja.d.edt.3C273.dtcal.uvf
! Reading UV FITS file: 18ja.d.edt.3C273.dtcal.uvf
! AN table 1: 469 integrations on 3 of 3 possible baselines.
! Apparent sampling: 0.998579 visibilities/baseline/integration-bin.
! Found source: 3C273
! 
! There is 1 IF, and a total of 1 channel:
! 
!  IF  Channel    Frequency  Freq offset  Number of   Overall IF
!       origin    at origin  per channel   channels    bandwidth
!  ------------------------------------------------------------- (Hz)
!  01        1  1.29768e+11     5.12e+08          1     5.12e+08
! 
! Polarization(s): RR LL RL LR
! 
! Read 478 lines of history.
! 
! Reading 5620 visibilities.
mapcolor rainbow, 1, 0.5
! Mapplot colormap: rainbow, contrast: 1 brightness: 0.5.
select q, 1, 1
! Selecting polarization: Q,  channels: 1..1
! Reading IF 1 channels: 1..1
mapsize 2048, 0.02
! Map grid = 2048x2048 pixels with 0.0200x0.0200 milli-arcsec cellsize.
uvweight 0, -1
! Uniform weighting is not currently selected.
! Gridding weights will be scaled by errors raised to the power -1.
! Radial weighting is not currently selected.
rwin 18ja.d.edt.3C273.win
! rwins: Read 9 windows from 18ja.d.edt.3C273.win
shift 0,0
! Shifting UV data, models and windows by: 0 (mas) East
! Shifting UV data, models and windows by: 0 (mas) North
! Total accumulated eastward shift  = 0 (mas).
! Total accumulated northward shift = 0 (mas).
do i=1,100
  clean 100, 0.02, imstat(rms)*1
  end do
! Inverting map and beam 
! Estimated beam: bmin=0.667 mas, bmaj=0.9286 mas, bpa=-82.41 degrees
! Estimated noise=0.842252 mJy/beam.
! clean: niter=100  gain=0.02  cutoff=0.00813487
! Component: 050  -  total flux cleaned = 0.0276548 Jy
! Component: 100  -  total flux cleaned = 0.0398434 Jy
! Total flux subtracted in 100 components = 0.0398434 Jy
! Clean residual min=-0.010534 max=0.012597 Jy/beam
! Clean residual mean=-0.000004 rms=0.003096 Jy/beam
! Combined flux in latest and established models = 0.0398434 Jy
! clean: niter=100  gain=0.02  cutoff=0.00309609
! Component: 050  -  total flux cleaned = 0.00827033 Jy
! Component: 100  -  total flux cleaned = 0.0142875 Jy
! Total flux subtracted in 100 components = 0.0142875 Jy
! Clean residual min=-0.008047 max=0.007992 Jy/beam
! Clean residual mean=-0.000003 rms=0.002279 Jy/beam
! Combined flux in latest and established models = 0.0541309 Jy
! clean: niter=100  gain=0.02  cutoff=0.00227916
! Component: 050  -  total flux cleaned = 0.00394227 Jy
! Component: 100  -  total flux cleaned = 0.00534094 Jy
! Total flux subtracted in 100 components = 0.00534094 Jy
! Clean residual min=-0.007055 max=0.007324 Jy/beam
! Clean residual mean=-0.000002 rms=0.002086 Jy/beam
! Combined flux in latest and established models = 0.0594718 Jy
! clean: niter=100  gain=0.02  cutoff=0.00208561
! Component: 050  -  total flux cleaned = 0.000466803 Jy
! Component: 100  -  total flux cleaned = 0.000968577 Jy
! Total flux subtracted in 100 components = 0.000968577 Jy
! Clean residual min=-0.006885 max=0.007226 Jy/beam
! Clean residual mean=-0.000002 rms=0.002004 Jy/beam
! Combined flux in latest and established models = 0.0604404 Jy
! clean: niter=100  gain=0.02  cutoff=0.00200444
! Component: 050  -  total flux cleaned = 0.00116924 Jy
! Clean target residual flux of 0.00200444 Jy/beam attained
! Total flux subtracted in 83 components = 0.00179144 Jy
! Clean residual min=-0.006758 max=0.007244 Jy/beam
! Clean residual mean=-0.000002 rms=0.001956 Jy/beam
! Combined flux in latest and established models = 0.0622318 Jy
! clean: niter=100  gain=0.02  cutoff=0.00195606
! Clean target residual flux of 0.00195606 Jy/beam attained
! Total flux subtracted in 13 components = 0.000278149 Jy
! Clean residual min=-0.006755 max=0.007245 Jy/beam
! Clean residual mean=-0.000002 rms=0.001952 Jy/beam
! Combined flux in latest and established models = 0.06251 Jy
! clean: niter=100  gain=0.02  cutoff=0.0019518
! Clean target residual flux of 0.0019518 Jy/beam attained
! Total flux subtracted in 1 components = 3.90827e-05 Jy
! Clean residual min=-0.006756 max=0.007241 Jy/beam
! Clean residual mean=-0.000002 rms=0.001952 Jy/beam
! Combined flux in latest and established models = 0.062549 Jy
! clean: niter=100  gain=0.02  cutoff=0.00195155
! Clean target residual flux of 0.00195155 Jy/beam attained
! Total flux subtracted in 0 components = 0 Jy
! Clean residual min=-0.006756 max=0.007241 Jy/beam
! Clean residual mean=-0.000002 rms=0.001952 Jy/beam
! Combined flux in latest and established models = 0.062549 Jy
! clean: niter=100  gain=0.02  cutoff=0.00195155
! Clean target residual flux of 0.00195155 Jy/beam attained
! Total flux subtracted in 0 components = 0 Jy
! Clean residual min=-0.006756 max=0.007241 Jy/beam
! Clean residual mean=-0.000002 rms=0.001952 Jy/beam
! Combined flux in latest and established models = 0.062549 Jy
! clean: niter=100  gain=0.02  cutoff=0.00195155
! Clean target residual flux of 0.00195155 Jy/beam attained
! Total flux subtracted in 0 components = 0 Jy
! Clean residual min=-0.006756 max=0.007241 Jy/beam
! Clean residual mean=-0.000002 rms=0.001952 Jy/beam
! Combined flux in latest and established models = 0.062549 Jy
! clean: niter=100  gain=0.02  cutoff=0.00195155
! Clean target residual flux of 0.00195155 Jy/beam attained
! Total flux subtracted in 0 components = 0 Jy
! Clean residual min=-0.006756 max=0.007241 Jy/beam
! Clean residual mean=-0.000002 rms=0.001952 Jy/beam
! Combined flux in latest and established models = 0.062549 Jy
! clean: niter=100  gain=0.02  cutoff=0.00195155
! Clean target residual flux of 0.00195155 Jy/beam attained
! Total flux subtracted in 0 components = 0 Jy
! Clean residual min=-0.006756 max=0.007241 Jy/beam
! Clean residual mean=-0.000002 rms=0.001952 Jy/beam
! Combined flux in latest and established models = 0.062549 Jy
! clean: niter=100  gain=0.02  cutoff=0.00195155
! Clean target residual flux of 0.00195155 Jy/beam attained
! Total flux subtracted in 0 components = 0 Jy
! Clean residual min=-0.006756 max=0.007241 Jy/beam
! Clean residual mean=-0.000002 rms=0.001952 Jy/beam
! Combined flux in latest and established models = 0.062549 Jy
! clean: niter=100  gain=0.02  cutoff=0.00195155
! Clean target residual flux of 0.00195155 Jy/beam attained
! Total flux subtracted in 0 components = 0 Jy
! Clean residual min=-0.006756 max=0.007241 Jy/beam
! Clean residual mean=-0.000002 rms=0.001952 Jy/beam
! Combined flux in latest and established models = 0.062549 Jy
! clean: niter=100  gain=0.02  cutoff=0.00195155
! Clean target residual flux of 0.00195155 Jy/beam attained
! Total flux subtracted in 0 components = 0 Jy
! Clean residual min=-0.006756 max=0.007241 Jy/beam
! Clean residual mean=-0.000002 rms=0.001952 Jy/beam
! Combined flux in latest and established models = 0.062549 Jy
! clean: niter=100  gain=0.02  cutoff=0.00195155
! Clean target residual flux of 0.00195155 Jy/beam attained
! Total flux subtracted in 0 components = 0 Jy
! Clean residual min=-0.006756 max=0.007241 Jy/beam
! Clean residual mean=-0.000002 rms=0.001952 Jy/beam
! Combined flux in latest and established models = 0.062549 Jy
! clean: niter=100  gain=0.02  cutoff=0.00195155
! Clean target residual flux of 0.00195155 Jy/beam attained
! Total flux subtracted in 0 components = 0 Jy
! Clean residual min=-0.006756 max=0.007241 Jy/beam
! Clean residual mean=-0.000002 rms=0.001952 Jy/beam
! Combined flux in latest and established models = 0.062549 Jy
! clean: niter=100  gain=0.02  cutoff=0.00195155
! Clean target residual flux of 0.00195155 Jy/beam attained
! Total flux subtracted in 0 components = 0 Jy
! Clean residual min=-0.006756 max=0.007241 Jy/beam
! Clean residual mean=-0.000002 rms=0.001952 Jy/beam
! Combined flux in latest and established models = 0.062549 Jy
! clean: niter=100  gain=0.02  cutoff=0.00195155
! Clean target residual flux of 0.00195155 Jy/beam attained
! Total flux subtracted in 0 components = 0 Jy
! Clean residual min=-0.006756 max=0.007241 Jy/beam
! Clean residual mean=-0.000002 rms=0.001952 Jy/beam
! Combined flux in latest and established models = 0.062549 Jy
! clean: niter=100  gain=0.02  cutoff=0.00195155
! Clean target residual flux of 0.00195155 Jy/beam attained
! Total flux subtracted in 0 components = 0 Jy
! Clean residual min=-0.006756 max=0.007241 Jy/beam
! Clean residual mean=-0.000002 rms=0.001952 Jy/beam
! Combined flux in latest and established models = 0.062549 Jy
! clean: niter=100  gain=0.02  cutoff=0.00195155
! Clean target residual flux of 0.00195155 Jy/beam attained
! Total flux subtracted in 0 components = 0 Jy
! Clean residual min=-0.006756 max=0.007241 Jy/beam
! Clean residual mean=-0.000002 rms=0.001952 Jy/beam
! Combined flux in latest and established models = 0.062549 Jy
! clean: niter=100  gain=0.02  cutoff=0.00195155
! Clean target residual flux of 0.00195155 Jy/beam attained
! Total flux subtracted in 0 components = 0 Jy
! Clean residual min=-0.006756 max=0.007241 Jy/beam
! Clean residual mean=-0.000002 rms=0.001952 Jy/beam
! Combined flux in latest and established models = 0.062549 Jy
! clean: niter=100  gain=0.02  cutoff=0.00195155
! Clean target residual flux of 0.00195155 Jy/beam attained
! Total flux subtracted in 0 components = 0 Jy
! Clean residual min=-0.006756 max=0.007241 Jy/beam
! Clean residual mean=-0.000002 rms=0.001952 Jy/beam
! Combined flux in latest and established models = 0.062549 Jy
! clean: niter=100  gain=0.02  cutoff=0.00195155
! Clean target residual flux of 0.00195155 Jy/beam attained
! Total flux subtracted in 0 components = 0 Jy
! Clean residual min=-0.006756 max=0.007241 Jy/beam
! Clean residual mean=-0.000002 rms=0.001952 Jy/beam
! Combined flux in latest and established models = 0.062549 Jy
! clean: niter=100  gain=0.02  cutoff=0.00195155
! Clean target residual flux of 0.00195155 Jy/beam attained
! Total flux subtracted in 0 components = 0 Jy
! Clean residual min=-0.006756 max=0.007241 Jy/beam
! Clean residual mean=-0.000002 rms=0.001952 Jy/beam
! Combined flux in latest and established models = 0.062549 Jy
! clean: niter=100  gain=0.02  cutoff=0.00195155
! Clean target residual flux of 0.00195155 Jy/beam attained
! Total flux subtracted in 0 components = 0 Jy
! Clean residual min=-0.006756 max=0.007241 Jy/beam
! Clean residual mean=-0.000002 rms=0.001952 Jy/beam
! Combined flux in latest and established models = 0.062549 Jy
! clean: niter=100  gain=0.02  cutoff=0.00195155
! Clean target residual flux of 0.00195155 Jy/beam attained
! Total flux subtracted in 0 components = 0 Jy
! Clean residual min=-0.006756 max=0.007241 Jy/beam
! Clean residual mean=-0.000002 rms=0.001952 Jy/beam
! Combined flux in latest and established models = 0.062549 Jy
! clean: niter=100  gain=0.02  cutoff=0.00195155
! Clean target residual flux of 0.00195155 Jy/beam attained
! Total flux subtracted in 0 components = 0 Jy
! Clean residual min=-0.006756 max=0.007241 Jy/beam
! Clean residual mean=-0.000002 rms=0.001952 Jy/beam
! Combined flux in latest and established models = 0.062549 Jy
! clean: niter=100  gain=0.02  cutoff=0.00195155
! Clean target residual flux of 0.00195155 Jy/beam attained
! Total flux subtracted in 0 components = 0 Jy
! Clean residual min=-0.006756 max=0.007241 Jy/beam
! Clean residual mean=-0.000002 rms=0.001952 Jy/beam
! Combined flux in latest and established models = 0.062549 Jy
! clean: niter=100  gain=0.02  cutoff=0.00195155
! Clean target residual flux of 0.00195155 Jy/beam attained
! Total flux subtracted in 0 components = 0 Jy
! Clean residual min=-0.006756 max=0.007241 Jy/beam
! Clean residual mean=-0.000002 rms=0.001952 Jy/beam
! Combined flux in latest and established models = 0.062549 Jy
! clean: niter=100  gain=0.02  cutoff=0.00195155
! Clean target residual flux of 0.00195155 Jy/beam attained
! Total flux subtracted in 0 components = 0 Jy
! Clean residual min=-0.006756 max=0.007241 Jy/beam
! Clean residual mean=-0.000002 rms=0.001952 Jy/beam
! Combined flux in latest and established models = 0.062549 Jy
! clean: niter=100  gain=0.02  cutoff=0.00195155
! Clean target residual flux of 0.00195155 Jy/beam attained
! Total flux subtracted in 0 components = 0 Jy
! Clean residual min=-0.006756 max=0.007241 Jy/beam
! Clean residual mean=-0.000002 rms=0.001952 Jy/beam
! Combined flux in latest and established models = 0.062549 Jy
! clean: niter=100  gain=0.02  cutoff=0.00195155
! Clean target residual flux of 0.00195155 Jy/beam attained
! Total flux subtracted in 0 components = 0 Jy
! Clean residual min=-0.006756 max=0.007241 Jy/beam
! Clean residual mean=-0.000002 rms=0.001952 Jy/beam
! Combined flux in latest and established models = 0.062549 Jy
! clean: niter=100  gain=0.02  cutoff=0.00195155
! Clean target residual flux of 0.00195155 Jy/beam attained
! Total flux subtracted in 0 components = 0 Jy
! Clean residual min=-0.006756 max=0.007241 Jy/beam
! Clean residual mean=-0.000002 rms=0.001952 Jy/beam
! Combined flux in latest and established models = 0.062549 Jy
! clean: niter=100  gain=0.02  cutoff=0.00195155
! Clean target residual flux of 0.00195155 Jy/beam attained
! Total flux subtracted in 0 components = 0 Jy
! Clean residual min=-0.006756 max=0.007241 Jy/beam
! Clean residual mean=-0.000002 rms=0.001952 Jy/beam
! Combined flux in latest and established models = 0.062549 Jy
! clean: niter=100  gain=0.02  cutoff=0.00195155
! Clean target residual flux of 0.00195155 Jy/beam attained
! Total flux subtracted in 0 components = 0 Jy
! Clean residual min=-0.006756 max=0.007241 Jy/beam
! Clean residual mean=-0.000002 rms=0.001952 Jy/beam
! Combined flux in latest and established models = 0.062549 Jy
! clean: niter=100  gain=0.02  cutoff=0.00195155
! Clean target residual flux of 0.00195155 Jy/beam attained
! Total flux subtracted in 0 components = 0 Jy
! Clean residual min=-0.006756 max=0.007241 Jy/beam
! Clean residual mean=-0.000002 rms=0.001952 Jy/beam
! Combined flux in latest and established models = 0.062549 Jy
! clean: niter=100  gain=0.02  cutoff=0.00195155
! Clean target residual flux of 0.00195155 Jy/beam attained
! Total flux subtracted in 0 components = 0 Jy
! Clean residual min=-0.006756 max=0.007241 Jy/beam
! Clean residual mean=-0.000002 rms=0.001952 Jy/beam
! Combined flux in latest and established models = 0.062549 Jy
! clean: niter=100  gain=0.02  cutoff=0.00195155
! Clean target residual flux of 0.00195155 Jy/beam attained
! Total flux subtracted in 0 components = 0 Jy
! Clean residual min=-0.006756 max=0.007241 Jy/beam
! Clean residual mean=-0.000002 rms=0.001952 Jy/beam
! Combined flux in latest and established models = 0.062549 Jy
! clean: niter=100  gain=0.02  cutoff=0.00195155
! Clean target residual flux of 0.00195155 Jy/beam attained
! Total flux subtracted in 0 components = 0 Jy
! Clean residual min=-0.006756 max=0.007241 Jy/beam
! Clean residual mean=-0.000002 rms=0.001952 Jy/beam
! Combined flux in latest and established models = 0.062549 Jy
! clean: niter=100  gain=0.02  cutoff=0.00195155
! Clean target residual flux of 0.00195155 Jy/beam attained
! Total flux subtracted in 0 components = 0 Jy
! Clean residual min=-0.006756 max=0.007241 Jy/beam
! Clean residual mean=-0.000002 rms=0.001952 Jy/beam
! Combined flux in latest and established models = 0.062549 Jy
! clean: niter=100  gain=0.02  cutoff=0.00195155
! Clean target residual flux of 0.00195155 Jy/beam attained
! Total flux subtracted in 0 components = 0 Jy
! Clean residual min=-0.006756 max=0.007241 Jy/beam
! Clean residual mean=-0.000002 rms=0.001952 Jy/beam
! Combined flux in latest and established models = 0.062549 Jy
! clean: niter=100  gain=0.02  cutoff=0.00195155
! Clean target residual flux of 0.00195155 Jy/beam attained
! Total flux subtracted in 0 components = 0 Jy
! Clean residual min=-0.006756 max=0.007241 Jy/beam
! Clean residual mean=-0.000002 rms=0.001952 Jy/beam
! Combined flux in latest and established models = 0.062549 Jy
! clean: niter=100  gain=0.02  cutoff=0.00195155
! Clean target residual flux of 0.00195155 Jy/beam attained
! Total flux subtracted in 0 components = 0 Jy
! Clean residual min=-0.006756 max=0.007241 Jy/beam
! Clean residual mean=-0.000002 rms=0.001952 Jy/beam
! Combined flux in latest and established models = 0.062549 Jy
! clean: niter=100  gain=0.02  cutoff=0.00195155
! Clean target residual flux of 0.00195155 Jy/beam attained
! Total flux subtracted in 0 components = 0 Jy
! Clean residual min=-0.006756 max=0.007241 Jy/beam
! Clean residual mean=-0.000002 rms=0.001952 Jy/beam
! Combined flux in latest and established models = 0.062549 Jy
! clean: niter=100  gain=0.02  cutoff=0.00195155
! Clean target residual flux of 0.00195155 Jy/beam attained
! Total flux subtracted in 0 components = 0 Jy
! Clean residual min=-0.006756 max=0.007241 Jy/beam
! Clean residual mean=-0.000002 rms=0.001952 Jy/beam
! Combined flux in latest and established models = 0.062549 Jy
! clean: niter=100  gain=0.02  cutoff=0.00195155
! Clean target residual flux of 0.00195155 Jy/beam attained
! Total flux subtracted in 0 components = 0 Jy
! Clean residual min=-0.006756 max=0.007241 Jy/beam
! Clean residual mean=-0.000002 rms=0.001952 Jy/beam
! Combined flux in latest and established models = 0.062549 Jy
! clean: niter=100  gain=0.02  cutoff=0.00195155
! Clean target residual flux of 0.00195155 Jy/beam attained
! Total flux subtracted in 0 components = 0 Jy
! Clean residual min=-0.006756 max=0.007241 Jy/beam
! Clean residual mean=-0.000002 rms=0.001952 Jy/beam
! Combined flux in latest and established models = 0.062549 Jy
! clean: niter=100  gain=0.02  cutoff=0.00195155
! Clean target residual flux of 0.00195155 Jy/beam attained
! Total flux subtracted in 0 components = 0 Jy
! Clean residual min=-0.006756 max=0.007241 Jy/beam
! Clean residual mean=-0.000002 rms=0.001952 Jy/beam
! Combined flux in latest and established models = 0.062549 Jy
! clean: niter=100  gain=0.02  cutoff=0.00195155
! Clean target residual flux of 0.00195155 Jy/beam attained
! Total flux subtracted in 0 components = 0 Jy
! Clean residual min=-0.006756 max=0.007241 Jy/beam
! Clean residual mean=-0.000002 rms=0.001952 Jy/beam
! Combined flux in latest and established models = 0.062549 Jy
! clean: niter=100  gain=0.02  cutoff=0.00195155
! Clean target residual flux of 0.00195155 Jy/beam attained
! Total flux subtracted in 0 components = 0 Jy
! Clean residual min=-0.006756 max=0.007241 Jy/beam
! Clean residual mean=-0.000002 rms=0.001952 Jy/beam
! Combined flux in latest and established models = 0.062549 Jy
! clean: niter=100  gain=0.02  cutoff=0.00195155
! Clean target residual flux of 0.00195155 Jy/beam attained
! Total flux subtracted in 0 components = 0 Jy
! Clean residual min=-0.006756 max=0.007241 Jy/beam
! Clean residual mean=-0.000002 rms=0.001952 Jy/beam
! Combined flux in latest and established models = 0.062549 Jy
! clean: niter=100  gain=0.02  cutoff=0.00195155
! Clean target residual flux of 0.00195155 Jy/beam attained
! Total flux subtracted in 0 components = 0 Jy
! Clean residual min=-0.006756 max=0.007241 Jy/beam
! Clean residual mean=-0.000002 rms=0.001952 Jy/beam
! Combined flux in latest and established models = 0.062549 Jy
! clean: niter=100  gain=0.02  cutoff=0.00195155
! Clean target residual flux of 0.00195155 Jy/beam attained
! Total flux subtracted in 0 components = 0 Jy
! Clean residual min=-0.006756 max=0.007241 Jy/beam
! Clean residual mean=-0.000002 rms=0.001952 Jy/beam
! Combined flux in latest and established models = 0.062549 Jy
! clean: niter=100  gain=0.02  cutoff=0.00195155
! Clean target residual flux of 0.00195155 Jy/beam attained
! Total flux subtracted in 0 components = 0 Jy
! Clean residual min=-0.006756 max=0.007241 Jy/beam
! Clean residual mean=-0.000002 rms=0.001952 Jy/beam
! Combined flux in latest and established models = 0.062549 Jy
! clean: niter=100  gain=0.02  cutoff=0.00195155
! Clean target residual flux of 0.00195155 Jy/beam attained
! Total flux subtracted in 0 components = 0 Jy
! Clean residual min=-0.006756 max=0.007241 Jy/beam
! Clean residual mean=-0.000002 rms=0.001952 Jy/beam
! Combined flux in latest and established models = 0.062549 Jy
! clean: niter=100  gain=0.02  cutoff=0.00195155
! Clean target residual flux of 0.00195155 Jy/beam attained
! Total flux subtracted in 0 components = 0 Jy
! Clean residual min=-0.006756 max=0.007241 Jy/beam
! Clean residual mean=-0.000002 rms=0.001952 Jy/beam
! Combined flux in latest and established models = 0.062549 Jy
! clean: niter=100  gain=0.02  cutoff=0.00195155
! Clean target residual flux of 0.00195155 Jy/beam attained
! Total flux subtracted in 0 components = 0 Jy
! Clean residual min=-0.006756 max=0.007241 Jy/beam
! Clean residual mean=-0.000002 rms=0.001952 Jy/beam
! Combined flux in latest and established models = 0.062549 Jy
! clean: niter=100  gain=0.02  cutoff=0.00195155
! Clean target residual flux of 0.00195155 Jy/beam attained
! Total flux subtracted in 0 components = 0 Jy
! Clean residual min=-0.006756 max=0.007241 Jy/beam
! Clean residual mean=-0.000002 rms=0.001952 Jy/beam
! Combined flux in latest and established models = 0.062549 Jy
! clean: niter=100  gain=0.02  cutoff=0.00195155
! Clean target residual flux of 0.00195155 Jy/beam attained
! Total flux subtracted in 0 components = 0 Jy
! Clean residual min=-0.006756 max=0.007241 Jy/beam
! Clean residual mean=-0.000002 rms=0.001952 Jy/beam
! Combined flux in latest and established models = 0.062549 Jy
! clean: niter=100  gain=0.02  cutoff=0.00195155
! Clean target residual flux of 0.00195155 Jy/beam attained
! Total flux subtracted in 0 components = 0 Jy
! Clean residual min=-0.006756 max=0.007241 Jy/beam
! Clean residual mean=-0.000002 rms=0.001952 Jy/beam
! Combined flux in latest and established models = 0.062549 Jy
! clean: niter=100  gain=0.02  cutoff=0.00195155
! Clean target residual flux of 0.00195155 Jy/beam attained
! Total flux subtracted in 0 components = 0 Jy
! Clean residual min=-0.006756 max=0.007241 Jy/beam
! Clean residual mean=-0.000002 rms=0.001952 Jy/beam
! Combined flux in latest and established models = 0.062549 Jy
! clean: niter=100  gain=0.02  cutoff=0.00195155
! Clean target residual flux of 0.00195155 Jy/beam attained
! Total flux subtracted in 0 components = 0 Jy
! Clean residual min=-0.006756 max=0.007241 Jy/beam
! Clean residual mean=-0.000002 rms=0.001952 Jy/beam
! Combined flux in latest and established models = 0.062549 Jy
! clean: niter=100  gain=0.02  cutoff=0.00195155
! Clean target residual flux of 0.00195155 Jy/beam attained
! Total flux subtracted in 0 components = 0 Jy
! Clean residual min=-0.006756 max=0.007241 Jy/beam
! Clean residual mean=-0.000002 rms=0.001952 Jy/beam
! Combined flux in latest and established models = 0.062549 Jy
! clean: niter=100  gain=0.02  cutoff=0.00195155
! Clean target residual flux of 0.00195155 Jy/beam attained
! Total flux subtracted in 0 components = 0 Jy
! Clean residual min=-0.006756 max=0.007241 Jy/beam
! Clean residual mean=-0.000002 rms=0.001952 Jy/beam
! Combined flux in latest and established models = 0.062549 Jy
! clean: niter=100  gain=0.02  cutoff=0.00195155
! Clean target residual flux of 0.00195155 Jy/beam attained
! Total flux subtracted in 0 components = 0 Jy
! Clean residual min=-0.006756 max=0.007241 Jy/beam
! Clean residual mean=-0.000002 rms=0.001952 Jy/beam
! Combined flux in latest and established models = 0.062549 Jy
! clean: niter=100  gain=0.02  cutoff=0.00195155
! Clean target residual flux of 0.00195155 Jy/beam attained
! Total flux subtracted in 0 components = 0 Jy
! Clean residual min=-0.006756 max=0.007241 Jy/beam
! Clean residual mean=-0.000002 rms=0.001952 Jy/beam
! Combined flux in latest and established models = 0.062549 Jy
! clean: niter=100  gain=0.02  cutoff=0.00195155
! Clean target residual flux of 0.00195155 Jy/beam attained
! Total flux subtracted in 0 components = 0 Jy
! Clean residual min=-0.006756 max=0.007241 Jy/beam
! Clean residual mean=-0.000002 rms=0.001952 Jy/beam
! Combined flux in latest and established models = 0.062549 Jy
! clean: niter=100  gain=0.02  cutoff=0.00195155
! Clean target residual flux of 0.00195155 Jy/beam attained
! Total flux subtracted in 0 components = 0 Jy
! Clean residual min=-0.006756 max=0.007241 Jy/beam
! Clean residual mean=-0.000002 rms=0.001952 Jy/beam
! Combined flux in latest and established models = 0.062549 Jy
! clean: niter=100  gain=0.02  cutoff=0.00195155
! Clean target residual flux of 0.00195155 Jy/beam attained
! Total flux subtracted in 0 components = 0 Jy
! Clean residual min=-0.006756 max=0.007241 Jy/beam
! Clean residual mean=-0.000002 rms=0.001952 Jy/beam
! Combined flux in latest and established models = 0.062549 Jy
! clean: niter=100  gain=0.02  cutoff=0.00195155
! Clean target residual flux of 0.00195155 Jy/beam attained
! Total flux subtracted in 0 components = 0 Jy
! Clean residual min=-0.006756 max=0.007241 Jy/beam
! Clean residual mean=-0.000002 rms=0.001952 Jy/beam
! Combined flux in latest and established models = 0.062549 Jy
! clean: niter=100  gain=0.02  cutoff=0.00195155
! Clean target residual flux of 0.00195155 Jy/beam attained
! Total flux subtracted in 0 components = 0 Jy
! Clean residual min=-0.006756 max=0.007241 Jy/beam
! Clean residual mean=-0.000002 rms=0.001952 Jy/beam
! Combined flux in latest and established models = 0.062549 Jy
! clean: niter=100  gain=0.02  cutoff=0.00195155
! Clean target residual flux of 0.00195155 Jy/beam attained
! Total flux subtracted in 0 components = 0 Jy
! Clean residual min=-0.006756 max=0.007241 Jy/beam
! Clean residual mean=-0.000002 rms=0.001952 Jy/beam
! Combined flux in latest and established models = 0.062549 Jy
! clean: niter=100  gain=0.02  cutoff=0.00195155
! Clean target residual flux of 0.00195155 Jy/beam attained
! Total flux subtracted in 0 components = 0 Jy
! Clean residual min=-0.006756 max=0.007241 Jy/beam
! Clean residual mean=-0.000002 rms=0.001952 Jy/beam
! Combined flux in latest and established models = 0.062549 Jy
! clean: niter=100  gain=0.02  cutoff=0.00195155
! Clean target residual flux of 0.00195155 Jy/beam attained
! Total flux subtracted in 0 components = 0 Jy
! Clean residual min=-0.006756 max=0.007241 Jy/beam
! Clean residual mean=-0.000002 rms=0.001952 Jy/beam
! Combined flux in latest and established models = 0.062549 Jy
! clean: niter=100  gain=0.02  cutoff=0.00195155
! Clean target residual flux of 0.00195155 Jy/beam attained
! Total flux subtracted in 0 components = 0 Jy
! Clean residual min=-0.006756 max=0.007241 Jy/beam
! Clean residual mean=-0.000002 rms=0.001952 Jy/beam
! Combined flux in latest and established models = 0.062549 Jy
! clean: niter=100  gain=0.02  cutoff=0.00195155
! Clean target residual flux of 0.00195155 Jy/beam attained
! Total flux subtracted in 0 components = 0 Jy
! Clean residual min=-0.006756 max=0.007241 Jy/beam
! Clean residual mean=-0.000002 rms=0.001952 Jy/beam
! Combined flux in latest and established models = 0.062549 Jy
! clean: niter=100  gain=0.02  cutoff=0.00195155
! Clean target residual flux of 0.00195155 Jy/beam attained
! Total flux subtracted in 0 components = 0 Jy
! Clean residual min=-0.006756 max=0.007241 Jy/beam
! Clean residual mean=-0.000002 rms=0.001952 Jy/beam
! Combined flux in latest and established models = 0.062549 Jy
! clean: niter=100  gain=0.02  cutoff=0.00195155
! Clean target residual flux of 0.00195155 Jy/beam attained
! Total flux subtracted in 0 components = 0 Jy
! Clean residual min=-0.006756 max=0.007241 Jy/beam
! Clean residual mean=-0.000002 rms=0.001952 Jy/beam
! Combined flux in latest and established models = 0.062549 Jy
! clean: niter=100  gain=0.02  cutoff=0.00195155
! Clean target residual flux of 0.00195155 Jy/beam attained
! Total flux subtracted in 0 components = 0 Jy
! Clean residual min=-0.006756 max=0.007241 Jy/beam
! Clean residual mean=-0.000002 rms=0.001952 Jy/beam
! Combined flux in latest and established models = 0.062549 Jy
! clean: niter=100  gain=0.02  cutoff=0.00195155
! Clean target residual flux of 0.00195155 Jy/beam attained
! Total flux subtracted in 0 components = 0 Jy
! Clean residual min=-0.006756 max=0.007241 Jy/beam
! Clean residual mean=-0.000002 rms=0.001952 Jy/beam
! Combined flux in latest and established models = 0.062549 Jy
! clean: niter=100  gain=0.02  cutoff=0.00195155
! Clean target residual flux of 0.00195155 Jy/beam attained
! Total flux subtracted in 0 components = 0 Jy
! Clean residual min=-0.006756 max=0.007241 Jy/beam
! Clean residual mean=-0.000002 rms=0.001952 Jy/beam
! Combined flux in latest and established models = 0.062549 Jy
! clean: niter=100  gain=0.02  cutoff=0.00195155
! Clean target residual flux of 0.00195155 Jy/beam attained
! Total flux subtracted in 0 components = 0 Jy
! Clean residual min=-0.006756 max=0.007241 Jy/beam
! Clean residual mean=-0.000002 rms=0.001952 Jy/beam
! Combined flux in latest and established models = 0.062549 Jy
! clean: niter=100  gain=0.02  cutoff=0.00195155
! Clean target residual flux of 0.00195155 Jy/beam attained
! Total flux subtracted in 0 components = 0 Jy
! Clean residual min=-0.006756 max=0.007241 Jy/beam
! Clean residual mean=-0.000002 rms=0.001952 Jy/beam
! Combined flux in latest and established models = 0.062549 Jy
! clean: niter=100  gain=0.02  cutoff=0.00195155
! Clean target residual flux of 0.00195155 Jy/beam attained
! Total flux subtracted in 0 components = 0 Jy
! Clean residual min=-0.006756 max=0.007241 Jy/beam
! Clean residual mean=-0.000002 rms=0.001952 Jy/beam
! Combined flux in latest and established models = 0.062549 Jy
! clean: niter=100  gain=0.02  cutoff=0.00195155
! Clean target residual flux of 0.00195155 Jy/beam attained
! Total flux subtracted in 0 components = 0 Jy
! Clean residual min=-0.006756 max=0.007241 Jy/beam
! Clean residual mean=-0.000002 rms=0.001952 Jy/beam
! Combined flux in latest and established models = 0.062549 Jy
! clean: niter=100  gain=0.02  cutoff=0.00195155
! Clean target residual flux of 0.00195155 Jy/beam attained
! Total flux subtracted in 0 components = 0 Jy
! Clean residual min=-0.006756 max=0.007241 Jy/beam
! Clean residual mean=-0.000002 rms=0.001952 Jy/beam
! Combined flux in latest and established models = 0.062549 Jy
! clean: niter=100  gain=0.02  cutoff=0.00195155
! Clean target residual flux of 0.00195155 Jy/beam attained
! Total flux subtracted in 0 components = 0 Jy
! Clean residual min=-0.006756 max=0.007241 Jy/beam
! Clean residual mean=-0.000002 rms=0.001952 Jy/beam
! Combined flux in latest and established models = 0.062549 Jy
! clean: niter=100  gain=0.02  cutoff=0.00195155
! Clean target residual flux of 0.00195155 Jy/beam attained
! Total flux subtracted in 0 components = 0 Jy
! Clean residual min=-0.006756 max=0.007241 Jy/beam
! Clean residual mean=-0.000002 rms=0.001952 Jy/beam
! Combined flux in latest and established models = 0.062549 Jy
! clean: niter=100  gain=0.02  cutoff=0.00195155
! Clean target residual flux of 0.00195155 Jy/beam attained
! Total flux subtracted in 0 components = 0 Jy
! Clean residual min=-0.006756 max=0.007241 Jy/beam
! Clean residual mean=-0.000002 rms=0.001952 Jy/beam
! Combined flux in latest and established models = 0.062549 Jy
! clean: niter=100  gain=0.02  cutoff=0.00195155
! Clean target residual flux of 0.00195155 Jy/beam attained
! Total flux subtracted in 0 components = 0 Jy
! Clean residual min=-0.006756 max=0.007241 Jy/beam
! Clean residual mean=-0.000002 rms=0.001952 Jy/beam
! Combined flux in latest and established models = 0.062549 Jy
! clean: niter=100  gain=0.02  cutoff=0.00195155
! Clean target residual flux of 0.00195155 Jy/beam attained
! Total flux subtracted in 0 components = 0 Jy
! Clean residual min=-0.006756 max=0.007241 Jy/beam
! Clean residual mean=-0.000002 rms=0.001952 Jy/beam
! Combined flux in latest and established models = 0.062549 Jy
! clean: niter=100  gain=0.02  cutoff=0.00195155
! Clean target residual flux of 0.00195155 Jy/beam attained
! Total flux subtracted in 0 components = 0 Jy
! Clean residual min=-0.006756 max=0.007241 Jy/beam
! Clean residual mean=-0.000002 rms=0.001952 Jy/beam
! Combined flux in latest and established models = 0.062549 Jy
! clean: niter=100  gain=0.02  cutoff=0.00195155
! Clean target residual flux of 0.00195155 Jy/beam attained
! Total flux subtracted in 0 components = 0 Jy
! Clean residual min=-0.006756 max=0.007241 Jy/beam
! Clean residual mean=-0.000002 rms=0.001952 Jy/beam
! Combined flux in latest and established models = 0.062549 Jy
! clean: niter=100  gain=0.02  cutoff=0.00195155
! Clean target residual flux of 0.00195155 Jy/beam attained
! Total flux subtracted in 0 components = 0 Jy
! Clean residual min=-0.006756 max=0.007241 Jy/beam
! Clean residual mean=-0.000002 rms=0.001952 Jy/beam
! Combined flux in latest and established models = 0.062549 Jy
! clean: niter=100  gain=0.02  cutoff=0.00195155
! Clean target residual flux of 0.00195155 Jy/beam attained
! Total flux subtracted in 0 components = 0 Jy
! Clean residual min=-0.006756 max=0.007241 Jy/beam
! Clean residual mean=-0.000002 rms=0.001952 Jy/beam
! Combined flux in latest and established models = 0.062549 Jy
! clean: niter=100  gain=0.02  cutoff=0.00195155
! Clean target residual flux of 0.00195155 Jy/beam attained
! Total flux subtracted in 0 components = 0 Jy
! Clean residual min=-0.006756 max=0.007241 Jy/beam
! Clean residual mean=-0.000002 rms=0.001952 Jy/beam
! Combined flux in latest and established models = 0.062549 Jy
! clean: niter=100  gain=0.02  cutoff=0.00195155
! Clean target residual flux of 0.00195155 Jy/beam attained
! Total flux subtracted in 0 components = 0 Jy
! Clean residual min=-0.006756 max=0.007241 Jy/beam
! Clean residual mean=-0.000002 rms=0.001952 Jy/beam
! Combined flux in latest and established models = 0.062549 Jy
! clean: niter=100  gain=0.02  cutoff=0.00195155
! Clean target residual flux of 0.00195155 Jy/beam attained
! Total flux subtracted in 0 components = 0 Jy
! Clean residual min=-0.006756 max=0.007241 Jy/beam
! Clean residual mean=-0.000002 rms=0.001952 Jy/beam
! Combined flux in latest and established models = 0.062549 Jy
! clean: niter=100  gain=0.02  cutoff=0.00195155
! Clean target residual flux of 0.00195155 Jy/beam attained
! Total flux subtracted in 0 components = 0 Jy
! Clean residual min=-0.006756 max=0.007241 Jy/beam
! Clean residual mean=-0.000002 rms=0.001952 Jy/beam
! Combined flux in latest and established models = 0.062549 Jy
select i
! Selecting polarization: I,  channels: 1..1
! Reading IF 1 channels: 1..1
save 18ja.d.edt.3C273.IF1.q
! Writing UV FITS file: 18ja.d.edt.3C273.IF1.q.uvf
! Writing 82 model components to file: 18ja.d.edt.3C273.IF1.q.mod
! wwins: Wrote 9 windows to 18ja.d.edt.3C273.IF1.q.win
! Adding 82 model components to the UV plane model.
! The established model now contains 82 components and 0.062549 Jy
! Inverting map and beam 
! Estimated beam: bmin=0.6431 mas, bmaj=0.9562 mas, bpa=-71.78 degrees
! Estimated noise=1.70215 mJy/beam.
! restore: Substituting estimate of restoring beam from last 'invert'.
! Restoring with beam: 0.6431 x 0.9562 at -71.78 degrees (North through East)
! Clean map  min=-1.3765  max=2.7099 Jy/beam
! Writing clean map to FITS file: 18ja.d.edt.3C273.IF1.q.fits
! Writing difmap environment to: 18ja.d.edt.3C273.IF1.q.par
exit
! Exiting program
! Log file difmap.log closed on Fri Mar 15 16:59:32 2024
