
Performing self-calibration on 0851+202...
Performing self-calibration on 1226+023...
Performing self-calibration on 1253-055...


Making CLEAN models for Stokes I maps using multiple cores...

uvfits file: bl273ak.u.edt.pol.iter10.0851+202.pcal.uvf, CLEAN mask: bl273ak.u.edt.0851+202.win, save file: bl273ak.u.channel.0851+202.IF1.i
uvfits file: bl273ak.u.edt.pol.iter10.0851+202.pcal.uvf, CLEAN mask: bl273ak.u.edt.0851+202.win, save file: bl273ak.u.channel.0851+202.IF1.i
uvfits file: bl273ak.u.edt.pol.iter10.0851+202.pcal.uvf, CLEAN mask: bl273ak.u.edt.0851+202.win, save file: bl273ak.u.channel.0851+202.IF2.i
uvfits file: bl273ak.u.edt.pol.iter10.0851+202.pcal.uvf, CLEAN mask: bl273ak.u.edt.0851+202.win, save file: bl273ak.u.channel.0851+202.IF2.i
uvfits file: bl273ak.u.edt.pol.iter10.0851+202.pcal.uvf, CLEAN mask: bl273ak.u.edt.0851+202.win, save file: bl273ak.u.channel.0851+202.IF3.i
uvfits file: bl273ak.u.edt.pol.iter10.0851+202.pcal.uvf, CLEAN mask: bl273ak.u.edt.0851+202.win, save file: bl273ak.u.channel.0851+202.IF3.i
uvfits file: bl273ak.u.edt.pol.iter10.0851+202.pcal.uvf, CLEAN mask: bl273ak.u.edt.0851+202.win, save file: bl273ak.u.channel.0851+202.IF4.i
uvfits file: bl273ak.u.edt.pol.iter10.0851+202.pcal.uvf, CLEAN mask: bl273ak.u.edt.0851+202.win, save file: bl273ak.u.channel.0851+202.IF4.i
uvfits file: bl273ak.u.edt.pol.iter10.1226+023.pcal.uvf, CLEAN mask: bl273ak.u.edt.1226+023.win, save file: bl273ak.u.channel.1226+023.IF1.i
uvfits file: bl273ak.u.edt.pol.iter10.1226+023.pcal.uvf, CLEAN mask: bl273ak.u.edt.1226+023.win, save file: bl273ak.u.channel.1226+023.IF1.i
uvfits file: bl273ak.u.edt.pol.iter10.1226+023.pcal.uvf, CLEAN mask: bl273ak.u.edt.1226+023.win, save file: bl273ak.u.channel.1226+023.IF2.i
uvfits file: bl273ak.u.edt.pol.iter10.1226+023.pcal.uvf, CLEAN mask: bl273ak.u.edt.1226+023.win, save file: bl273ak.u.channel.1226+023.IF2.i
uvfits file: bl273ak.u.edt.pol.iter10.1226+023.pcal.uvf, CLEAN mask: bl273ak.u.edt.1226+023.win, save file: bl273ak.u.channel.1226+023.IF3.i
uvfits file: bl273ak.u.edt.pol.iter10.1226+023.pcal.uvf, CLEAN mask: bl273ak.u.edt.1226+023.win, save file: bl273ak.u.channel.1226+023.IF3.i
uvfits file: bl273ak.u.edt.pol.iter10.1226+023.pcal.uvf, CLEAN mask: bl273ak.u.edt.1226+023.win, save file: bl273ak.u.channel.1226+023.IF4.i
uvfits file: bl273ak.u.edt.pol.iter10.1226+023.pcal.uvf, CLEAN mask: bl273ak.u.edt.1226+023.win, save file: bl273ak.u.channel.1226+023.IF4.i
uvfits file: bl273ak.u.edt.pol.iter10.1253-055.pcal.uvf, CLEAN mask: bl273ak.u.edt.1253-055.win, save file: bl273ak.u.channel.1253-055.IF1.i
uvfits file: bl273ak.u.edt.pol.iter10.1253-055.pcal.uvf, CLEAN mask: bl273ak.u.edt.1253-055.win, save file: bl273ak.u.channel.1253-055.IF1.i
uvfits file: bl273ak.u.edt.pol.iter10.1253-055.pcal.uvf, CLEAN mask: bl273ak.u.edt.1253-055.win, save file: bl273ak.u.channel.1253-055.IF2.i
uvfits file: bl273ak.u.edt.pol.iter10.1253-055.pcal.uvf, CLEAN mask: bl273ak.u.edt.1253-055.win, save file: bl273ak.u.channel.1253-055.IF2.i
uvfits file: bl273ak.u.edt.pol.iter10.1253-055.pcal.uvf, CLEAN mask: bl273ak.u.edt.1253-055.win, save file: bl273ak.u.channel.1253-055.IF3.i
uvfits file: bl273ak.u.edt.pol.iter10.1253-055.pcal.uvf, CLEAN mask: bl273ak.u.edt.1253-055.win, save file: bl273ak.u.channel.1253-055.IF3.i
uvfits file: bl273ak.u.edt.pol.iter10.1253-055.pcal.uvf, CLEAN mask: bl273ak.u.edt.1253-055.win, save file: bl273ak.u.channel.1253-055.IF4.i
uvfits file: bl273ak.u.edt.pol.iter10.1253-055.pcal.uvf, CLEAN mask: bl273ak.u.edt.1253-055.win, save file: bl273ak.u.channel.1253-055.IF4.i
 
Getting the whole-channel data for 0851+202...
Getting the whole-channel data for 1226+023...
